#
# A fatal error has been detected by the Java Runtime Environment:
#
#  SIGSEGV (0xb) at pc=0x00007f40390697fa, pid=10141, tid=0x00007f4028325700
#
# JRE version: OpenJDK Runtime Environment (8.0_212-b03) (build 1.8.0_212-8u212-b03-0ubuntu1.16.04.1-b03)
# Java VM: OpenJDK 64-Bit Server VM (25.212-b03 mixed mode linux-amd64 compressed oops)
# Problematic frame:
# v  ~BufferBlob::jni_fast_GetLongField
#
# Failed to write core dump. Core dumps have been disabled. To enable core dumping, try "ulimit -c unlimited" before starting Java again
#
# If you would like to submit a bug report, please visit:
#   http://bugreport.java.com/bugreport/crash.jsp
# The crash happened outside the Java Virtual Machine in native code.
# See problematic frame for where to report the bug.
#

---------------  T H R E A D  ---------------

Current thread (0x00007f4048288800):  JavaThread "AWT-XAWT" daemon [_thread_in_native, id=10161, stack(0x00007f4028225000,0x00007f4028326000)]

siginfo: si_signo: 11 (SIGSEGV), si_code: 1 (SEGV_MAPERR), si_addr: 0x0000000000000000

Registers:
RAX=0x00007f404f5fb1a0, RBX=0x00007f40482889e0, RCX=0x0000000000000001, RDX=0x0000000000000042
RSP=0x00007f4028324718, RBP=0x00007f4028324740, RSI=0x0000000000000000, RDI=0x00007f40482889e0
R8 =0x0000000000000320, R9 =0x0000000000000000, R10=0x0000000000000024, R11=0x00000000d74dd258
R12=0x00007f3fe44900d0, R13=0x0000000000000000, R14=0x00007f402a395380, R15=0x00007f4048288800
RIP=0x00007f40390697fa, EFLAGS=0x0000000000010246, CSGSFS=0x002b000000000033, ERR=0x0000000000000004
  TRAPNO=0x000000000000000e

Top of Stack: (sp=0x00007f4028324718)
0x00007f4028324718:   00007f402a16b4c4 00007f3fe3c7df10
0x00007f4028324728:   00007f3fe44900d0 00007f40393c1250
0x00007f4028324738:   00007f40283247c0 0000000000000000
0x00007f4028324748:   00007f4029c2c420 00007f3fe3c7df10
0x00007f4028324758:   00007f4028324780 0000000000000000
0x00007f4028324768:   00007f4029c23ff3 00007f40393c1250
0x00007f4028324778:   00007f402a16362f 00007f40283247d0
0x00007f4028324788:   00007f4039383736 00000000d70fd260
0x00007f4028324798:   00000000d70a84c0 00000000d7090290
0x00007f40283247a8:   00000000d717a150 00000000d7bb9e58
0x00007f40283247b8:   00000000d717a190 00000000d70a9218
0x00007f40283247c8:   00000000000001f4 00007f4028324a10
0x00007f40283247d8:   00007f40393c531c 0000000000000059
0x00007f40283247e8:   00007f40387d50e0 00007f4008011e48
0x00007f40283247f8:   00007f3ff0000020 0000000000000040
0x00007f4028324808:   0000000000000000 0000000000000004
0x00007f4028324818:   00007f40283248c0 0000000000000040
0x00007f4028324828:   00007f404fd03184 00007f40387d50e0
0x00007f4028324838:   0000000000000040 00007f4028324880
0x00007f4028324848:   64940c6abd971b00 00007f4028324940
0x00007f4028324858:   0000000000000008 00007f4028324890
0x00007f4028324868:   0000000000000008 00007f40283248c0
0x00007f4028324878:   0000000000000040 00007f4028324920
0x00007f4028324888:   00007f404f06a62d 00007f4028324940
0x00007f4028324898:   000000003902146b 00007f4039005310
0x00007f40283248a8:   00000000d711a100 00000000d70e91e0
0x00007f40283248b8:   00000000d711a100 0000000000000000
0x00007f40283248c8:   00000000d70e91e0 00000000d70e91e0
0x00007f40283248d8:   00000000d711a100 00000000d711a100
0x00007f40283248e8:   00000000d70e91e0 0000000000000000
0x00007f40283248f8:   00000000d70e8a98 00000000d6e6d928
0x00007f4028324908:   00000000d6e0a5f0 00007f3ff0000e30 

Instructions: (pc=0x00007f40390697fa)
0x00007f40390697da:   00 00 00 00 00 00 44 8b 15 b5 e6 5b 16 4c 8b ce
0x00007f40390697ea:   41 f6 c2 01 0f 85 2e 00 00 00 4d 33 ca 4d 33 ca
0x00007f40390697fa:   4d 8b 09 4c 8b da 49 c1 eb 02 4b 8b 04 19 49 bb
0x00007f403906980a:   9c 7e 62 4f 40 7f 00 00 4c 33 d8 4c 33 d8 45 3b 

Register to memory mapping:

RAX=0x00007f404f5fb1a0: <offset 0xf071a0> in /usr/lib/jvm/java-8-openjdk-amd64/jre/lib/amd64/server/libjvm.so at 0x00007f404e6f4000
RBX=0x00007f40482889e0 is an unknown value
RCX=0x0000000000000001 is an unknown value
RDX=0x0000000000000042 is an unknown value
RSP=0x00007f4028324718 is pointing into the stack for thread: 0x00007f4048288800
RBP=0x00007f4028324740 is pointing into the stack for thread: 0x00007f4048288800
RSI=0x0000000000000000 is an unknown value
RDI=0x00007f40482889e0 is an unknown value
R8 =0x0000000000000320 is an unknown value
R9 =0x0000000000000000 is an unknown value
R10=0x0000000000000024 is an unknown value
R11=0x00000000d74dd258 is an oop
java.util.logging.Logger 
 - klass: 'java/util/logging/Logger'
R12=0x00007f3fe44900d0 is an unknown value
R13=0x0000000000000000 is an unknown value
R14=0x00007f402a395380: <offset 0x25f380> in /usr/lib/jvm/java-8-openjdk-amd64/jre/lib/amd64/libawt_xawt.so at 0x00007f402a136000
R15=0x00007f4048288800 is a thread


Stack: [0x00007f4028225000,0x00007f4028326000],  sp=0x00007f4028324718,  free space=1021k
Native frames: (J=compiled Java code, j=interpreted, Vv=VM code, C=native code)
v  ~BufferBlob::jni_fast_GetLongField
C  [libX11.so.6+0x64420]  _XimServerDestroy+0x70

Java frames: (J=compiled Java code, j=interpreted, Vv=VM code)
J 1103  sun.awt.X11.XlibWrapper.XFilterEvent(JJ)Z (0 bytes) @ 0x00007f40393836c4 [0x00007f4039383680+0x44]
J 1115% C1 sun.awt.X11.XToolkit.run(Z)V (410 bytes) @ 0x00007f40393c531c [0x00007f40393c1c00+0x371c]
j  sun.awt.X11.XToolkit.run()V+5
j  java.lang.Thread.run()V+11
v  ~StubRoutines::call_stub

---------------  P R O C E S S  ---------------

Java Threads: ( => current thread )
  0x00007f3fe4426000 JavaThread "oracle.jdbc.driver.BlockSource.ThreadedCachingBlockSource.BlockReleaser" daemon [_thread_blocked, id=10164, stack(0x00007f3ff43fc000,0x00007f3ff44fd000)]
  0x00007f404800a800 JavaThread "DestroyJavaVM" [_thread_blocked, id=10145, stack(0x00007f4050354000,0x00007f4050455000)]
  0x00007f404830e000 JavaThread "AWT-EventQueue-0" [_thread_blocked, id=10163, stack(0x00007f3ff4beb000,0x00007f3ff4cec000)]
  0x00007f404830c000 JavaThread "AWT-Shutdown" [_thread_blocked, id=10162, stack(0x00007f3ff4cec000,0x00007f3ff4ded000)]
=>0x00007f4048288800 JavaThread "AWT-XAWT" daemon [_thread_in_native, id=10161, stack(0x00007f4028225000,0x00007f4028326000)]
  0x00007f4048268000 JavaThread "Java2D Disposer" daemon [_thread_blocked, id=10160, stack(0x00007f4028736000,0x00007f4028837000)]
  0x00007f40480c9000 JavaThread "Service Thread" daemon [_thread_blocked, id=10158, stack(0x00007f402a7a1000,0x00007f402a8a2000)]
  0x00007f40480be000 JavaThread "C1 CompilerThread2" daemon [_thread_blocked, id=10157, stack(0x00007f402a8a2000,0x00007f402a9a3000)]
  0x00007f40480bc800 JavaThread "C2 CompilerThread1" daemon [_thread_blocked, id=10156, stack(0x00007f402a9a3000,0x00007f402aaa4000)]
  0x00007f40480b9800 JavaThread "C2 CompilerThread0" daemon [_thread_blocked, id=10155, stack(0x00007f402aaa4000,0x00007f402aba5000)]
  0x00007f40480b8000 JavaThread "Signal Dispatcher" daemon [_thread_in_vm, id=10154, stack(0x00007f402aba5000,0x00007f402aca6000)]
  0x00007f4048084800 JavaThread "Finalizer" daemon [_thread_blocked, id=10153, stack(0x00007f402b0af000,0x00007f402b1b0000)]
  0x00007f4048082000 JavaThread "Reference Handler" daemon [_thread_blocked, id=10152, stack(0x00007f402b1b0000,0x00007f402b2b1000)]

Other Threads:
  0x00007f4048078000 VMThread [stack: 0x00007f402b2b1000,0x00007f402b3b2000] [id=10151]
  0x00007f40480cb800 WatcherThread [stack: 0x00007f402a6a0000,0x00007f402a7a1000] [id=10159]

VM state:not at safepoint (normal execution)

VM Mutex/Monitor currently owned by a thread:  ([mutex/lock_event])
[0x00007f40480070d0] Threads_lock - owner thread: 0x00007f40480b8000

heap address: 0x0000000084a00000, size: 1974 MB, Compressed Oops mode: 32-bit
Narrow klass base: 0x0000000000000000, Narrow klass shift: 3
Compressed class space size: 1073741824 Address: 0x0000000100000000

Heap:
 PSYoungGen      total 36864K, used 18628K [0x00000000d6e00000, 0x00000000d9700000, 0x0000000100000000)
  eden space 31744K, 58% used [0x00000000d6e00000,0x00000000d80312e8,0x00000000d8d00000)
  from space 5120K, 0% used [0x00000000d9200000,0x00000000d9200000,0x00000000d9700000)
  to   space 5120K, 0% used [0x00000000d8d00000,0x00000000d8d00000,0x00000000d9200000)
 ParOldGen       total 84992K, used 0K [0x0000000084a00000, 0x0000000089d00000, 0x00000000d6e00000)
  object space 84992K, 0% used [0x0000000084a00000,0x0000000084a00000,0x0000000089d00000)
 Metaspace       used 19105K, capacity 19268K, committed 19712K, reserved 1067008K
  class space    used 2380K, capacity 2462K, committed 2560K, reserved 1048576K

Card table byte_map: [0x00007f404c627000,0x00007f404ca03000] byte_map_base: 0x00007f404c202000

Marking Bits: (ParMarkBitMap*) 0x00007f404f627580
 Begin Bits: [0x00007f4030250000, 0x00007f4032128000)
 End Bits:   [0x00007f4032128000, 0x00007f4034000000)

Polling page: 0x00007f405047a000

CodeCache: size=245760Kb used=3898Kb max_used=3920Kb free=241861Kb
 bounds [0x00007f4039000000, 0x00007f40393e0000, 0x00007f4048000000]
 total_blobs=1722 nmethods=1118 adapters=519
 compilation: enabled

Compilation events (10 events):
Event: 50071,586 Thread 0x00007f40480bc800 1113 % !   4       sun.awt.X11.XToolkit::run @ 59 (410 bytes)
Event: 50071,650 Thread 0x00007f40480bc800 nmethod 1113% 0x00007f40393bdf90 code [0x00007f40393be4e0, 0x00007f40393bf840]
Event: 76129,324 Thread 0x00007f40480be000 1115 % !   3       sun.awt.X11.XToolkit::run @ 59 (410 bytes)
Event: 76129,346 Thread 0x00007f40480be000 nmethod 1115% 0x00007f40393c1250 code [0x00007f40393c1c00, 0x00007f40393c94f8]
Event: 76801,475 Thread 0x00007f40480be000 1117   !   3       oracle.jdbc.driver.BlockSource$ThreadedCachingBlockSource::releaseFromAllSources (71 bytes)
Event: 76801,482 Thread 0x00007f40480be000 nmethod 1117 0x00007f403939f4d0 code [0x00007f403939f720, 0x00007f40393a04d8]
Event: 76801,482 Thread 0x00007f40480be000 1116       3       oracle.jdbc.driver.BlockSource$ThreadedCachingBlockSource::access$100 (4 bytes)
Event: 76801,482 Thread 0x00007f40480be000 nmethod 1116 0x00007f403939f150 code [0x00007f403939f2c0, 0x00007f403939f428]
Event: 99714,363 Thread 0x00007f40480bc800 1118 % !   4       sun.awt.X11.XToolkit::run @ 59 (410 bytes)
Event: 99714,524 Thread 0x00007f40480bc800 nmethod 1118% 0x00007f40393d2410 code [0x00007f40393d2ae0, 0x00007f40393d54d0]

GC Heap History (0 events):
No events

Deoptimization events (10 events):
Event: 1,720 Thread 0x00007f404830e000 Uncommon trap: reason=unstable_if action=reinterpret pc=0x00007f40391eea04 method=java.util.HashMap.putVal(ILjava/lang/Object;Ljava/lang/Object;ZZ)Ljava/lang/Object; @ 109
Event: 1,720 Thread 0x00007f404830e000 Uncommon trap: reason=unstable_if action=reinterpret pc=0x00007f40391f0084 method=java.util.HashMap.putVal(ILjava/lang/Object;Ljava/lang/Object;ZZ)Ljava/lang/Object; @ 109
Event: 2,506 Thread 0x00007f404830e000 Uncommon trap: reason=class_check action=maybe_recompile pc=0x00007f4039163768 method=java.lang.String.equals(Ljava/lang/Object;)Z @ 8
Event: 2,506 Thread 0x00007f404830e000 Uncommon trap: reason=class_check action=maybe_recompile pc=0x00007f4039163768 method=java.lang.String.equals(Ljava/lang/Object;)Z @ 8
Event: 2,506 Thread 0x00007f404830e000 Uncommon trap: reason=class_check action=maybe_recompile pc=0x00007f4039163768 method=java.lang.String.equals(Ljava/lang/Object;)Z @ 8
Event: 2,771 Thread 0x00007f404830e000 Uncommon trap: reason=unstable_if action=reinterpret pc=0x00007f403930f690 method=javax.swing.plaf.nimbus.DerivedColor.equals(Ljava/lang/Object;)Z @ 45
Event: 2,771 Thread 0x00007f404830e000 Uncommon trap: reason=unstable_if action=reinterpret pc=0x00007f403931477c method=javax.swing.plaf.nimbus.DerivedColor.equals(Ljava/lang/Object;)Z @ 45
Event: 2,791 Thread 0x00007f404830e000 Uncommon trap: reason=unstable_if action=reinterpret pc=0x00007f403922f320 method=sun.nio.cs.UTF_8$Encoder.encode([CII[B)I @ 33
Event: 2,875 Thread 0x00007f404830e000 Uncommon trap: reason=class_check action=maybe_recompile pc=0x00007f4039163768 method=java.lang.String.equals(Ljava/lang/Object;)Z @ 8
Event: 75618,472 Thread 0x00007f4048288800 Uncommon trap: reason=unstable_if action=reinterpret pc=0x00007f40393be820 method=sun.awt.X11.XToolkit.run(Z)V @ 66

Classes redefined (0 events):
No events

Internal exceptions (10 events):
Event: 1,013 Thread 0x00007f404830e000 Exception <a 'java/lang/ArrayIndexOutOfBoundsException'> (0x00000000d75643f8) thrown at [/build/openjdk-8-lHVHKD/openjdk-8-8u212-b03/src/hotspot/src/share/vm/runtime/sharedRuntime.cpp, line 605]
Event: 1,034 Thread 0x00007f404830e000 Exception <a 'java/lang/ArrayIndexOutOfBoundsException'> (0x00000000d758bde8) thrown at [/build/openjdk-8-lHVHKD/openjdk-8-8u212-b03/src/hotspot/src/share/vm/runtime/sharedRuntime.cpp, line 605]
Event: 1,035 Thread 0x00007f404830e000 Exception <a 'java/lang/ArrayIndexOutOfBoundsException'> (0x00000000d758d050) thrown at [/build/openjdk-8-lHVHKD/openjdk-8-8u212-b03/src/hotspot/src/share/vm/runtime/sharedRuntime.cpp, line 605]
Event: 1,036 Thread 0x00007f404830e000 Exception <a 'java/lang/ArrayIndexOutOfBoundsException'> (0x00000000d758e5e8) thrown at [/build/openjdk-8-lHVHKD/openjdk-8-8u212-b03/src/hotspot/src/share/vm/runtime/sharedRuntime.cpp, line 605]
Event: 1,057 Thread 0x00007f404830e000 Exception <a 'java/lang/ArrayIndexOutOfBoundsException'> (0x00000000d75b4740) thrown at [/build/openjdk-8-lHVHKD/openjdk-8-8u212-b03/src/hotspot/src/share/vm/runtime/sharedRuntime.cpp, line 605]
Event: 1,065 Thread 0x00007f404830e000 Exception <a 'java/lang/ArrayIndexOutOfBoundsException'> (0x00000000d75c2b30) thrown at [/build/openjdk-8-lHVHKD/openjdk-8-8u212-b03/src/hotspot/src/share/vm/runtime/sharedRuntime.cpp, line 605]
Event: 1,142 Thread 0x00007f404830e000 Exception <a 'java/lang/NoClassDefFoundError': oracle/security/pki/OraclePKIProvider> (0x00000000d76e9340) thrown at [/build/openjdk-8-lHVHKD/openjdk-8-8u212-b03/src/hotspot/src/share/vm/classfile/systemDictionary.cpp, line 199]
Event: 1,412 Thread 0x00007f404830e000 Exception <a 'java/net/ConnectException'> (0x00000000d7b25eb0) thrown at [/build/openjdk-8-lHVHKD/openjdk-8-8u212-b03/src/hotspot/src/share/vm/prims/jni.cpp, line 710]
Event: 1,883 Thread 0x00007f404830e000 Exception <a 'java/lang/UnsupportedOperationException': > (0x00000000d7c203c0) thrown at [/build/openjdk-8-lHVHKD/openjdk-8-8u212-b03/src/hotspot/src/share/vm/prims/jni.cpp, line 736]
Event: 2,938 Thread 0x00007f404830e000 Exception <a 'java/time/temporal/UnsupportedTemporalTypeException'> (0x00000000d7df5560) thrown at [/build/openjdk-8-lHVHKD/openjdk-8-8u212-b03/src/hotspot/src/share/vm/prims/jvm.cpp, line 1506]

Events (10 events):
Event: 2,939 loading class java/lang/Throwable$WrappedPrintStream done
Event: 2,947 loading class javax/swing/event/AncestorEvent
Event: 2,947 loading class javax/swing/event/AncestorEvent done
Event: 4,142 Executing VM operation: EnableBiasedLocking
Event: 4,143 Executing VM operation: EnableBiasedLocking done
Event: 54175,233 Thread 0x00007f4048288800 DEOPT PACKING pc=0x00007f40393a8fd3 sp=0x00007f40283247e0
Event: 54175,233 Thread 0x00007f4048288800 DEOPT UNPACKING pc=0x00007f40390470c4 sp=0x00007f40283246a0 mode 0
Event: 75618,472 Thread 0x00007f4048288800 Uncommon trap: trap_request=0xffffff65 fr.pc=0x00007f40393be820
Event: 75618,472 Thread 0x00007f4048288800 DEOPT PACKING pc=0x00007f40393be820 sp=0x00007f4028324970
Event: 75618,472 Thread 0x00007f4048288800 DEOPT UNPACKING pc=0x00007f403904547a sp=0x00007f4028324928 mode 2


Dynamic libraries:
00400000-00401000 r-xp 00000000 08:01 666342                             /usr/lib/jvm/java-8-openjdk-amd64/jre/bin/java
00600000-00601000 r--p 00000000 08:01 666342                             /usr/lib/jvm/java-8-openjdk-amd64/jre/bin/java
00601000-00602000 rw-p 00001000 08:01 666342                             /usr/lib/jvm/java-8-openjdk-amd64/jre/bin/java
00dee000-00e0f000 rw-p 00000000 00:00 0                                  [heap]
84a00000-89d00000 rw-p 00000000 00:00 0 
89d00000-d6e00000 ---p 00000000 00:00 0 
d6e00000-d9700000 rw-p 00000000 00:00 0 
d9700000-100000000 ---p 00000000 00:00 0 
100000000-100280000 rw-p 00000000 00:00 0 
100280000-140000000 ---p 00000000 00:00 0 
7f3fd4000000-7f3fd4021000 rw-p 00000000 00:00 0 
7f3fd4021000-7f3fd8000000 ---p 00000000 00:00 0 
7f3fd8000000-7f3fd8021000 rw-p 00000000 00:00 0 
7f3fd8021000-7f3fdc000000 ---p 00000000 00:00 0 
7f3fdc000000-7f3fdc021000 rw-p 00000000 00:00 0 
7f3fdc021000-7f3fe0000000 ---p 00000000 00:00 0 
7f3fe37fc000-7f3fe39fe000 rw-p 00000000 00:00 0 
7f3fe39fe000-7f3fe3a01000 ---p 00000000 00:00 0 
7f3fe3a01000-7f3fe3aff000 rw-p 00000000 00:00 0 
7f3fe3aff000-7f3fe3b02000 ---p 00000000 00:00 0 
7f3fe3b02000-7f3fe3cc0000 rw-p 00000000 00:00 0 
7f3fe3cc0000-7f3fe3e00000 ---p 00000000 00:00 0 
7f3fe3e00000-7f3fe4000000 rw-p 00000000 00:00 0 
7f3fe4000000-7f3fe44e9000 rw-p 00000000 00:00 0 
7f3fe44e9000-7f3fe8000000 ---p 00000000 00:00 0 
7f3fe8000000-7f3fe8021000 rw-p 00000000 00:00 0 
7f3fe8021000-7f3fec000000 ---p 00000000 00:00 0 
7f3fec000000-7f3fec021000 rw-p 00000000 00:00 0 
7f3fec021000-7f3ff0000000 ---p 00000000 00:00 0 
7f3ff0000000-7f3ff0021000 rw-p 00000000 00:00 0 
7f3ff0021000-7f3ff4000000 ---p 00000000 00:00 0 
7f3ff40fb000-7f3ff40fe000 ---p 00000000 00:00 0 
7f3ff40fe000-7f3ff43fc000 rw-p 00000000 00:00 0 
7f3ff43fc000-7f3ff43ff000 ---p 00000000 00:00 0 
7f3ff43ff000-7f3ff46fd000 rw-p 00000000 00:00 0 
7f3ff46fd000-7f3ff4706000 r-xp 00000000 08:01 667192                     /usr/lib/jvm/java-8-openjdk-amd64/jre/lib/amd64/libmanagement.so
7f3ff4706000-7f3ff4905000 ---p 00009000 08:01 667192                     /usr/lib/jvm/java-8-openjdk-amd64/jre/lib/amd64/libmanagement.so
7f3ff4905000-7f3ff4906000 r--p 00008000 08:01 667192                     /usr/lib/jvm/java-8-openjdk-amd64/jre/lib/amd64/libmanagement.so
7f3ff4906000-7f3ff4907000 rw-p 00009000 08:01 667192                     /usr/lib/jvm/java-8-openjdk-amd64/jre/lib/amd64/libmanagement.so
7f3ff4907000-7f3ff4b07000 rw-p 00000000 00:00 0 
7f3ff4b07000-7f3ff4b12000 r--s 00000000 08:01 927385                     /var/cache/fontconfig/945677eb7aeaf62f1d50efc3fb3ec7d8-le64.cache-6
7f3ff4b12000-7f3ff4b14000 r--s 00000000 08:01 931353                     /var/cache/fontconfig/99e8ed0e538f840c565b6ed5dad60d56-le64.cache-6
7f3ff4b14000-7f3ff4b1d000 r--s 00000000 08:01 931352                     /var/cache/fontconfig/a6d8cf8e4ec09cdbc8633c31745a07dd-le64.cache-6
7f3ff4b1d000-7f3ff4b23000 r--s 00000000 08:01 927367                     /var/cache/fontconfig/2cd17615ca594fa2959ae173292e504c-le64.cache-6
7f3ff4b23000-7f3ff4b24000 r--s 00000000 08:01 927364                     /var/cache/fontconfig/0d8c3b2ac0904cb8a57a757ad11a4a08-le64.cache-6
7f3ff4b24000-7f3ff4b28000 r--s 00000000 08:01 921347                     /var/cache/fontconfig/de156ccd2eddbdc19d37a45b8b2aac9c-le64.cache-6
7f3ff4b28000-7f3ff4b3d000 r--s 00000000 08:01 927361                     /var/cache/fontconfig/04aabc0a78ac019cf9454389977116d2-le64.cache-6
7f3ff4b3d000-7f3ff4b3e000 r--s 00000000 08:01 927366                     /var/cache/fontconfig/1ac9eb803944fde146138c791f5cc56a-le64.cache-6
7f3ff4b3e000-7f3ff4b42000 r--s 00000000 08:01 927371                     /var/cache/fontconfig/385c0604a188198f04d133e54aba7fe7-le64.cache-6
7f3ff4b42000-7f3ff4b45000 r--s 00000000 08:01 927381                     /var/cache/fontconfig/767a8244fc0220cfb567a839d0392e0b-le64.cache-6
7f3ff4b45000-7f3ff4b80000 r--s 00000000 08:01 919342                     /var/cache/fontconfig/365b55f210c0a22e9a19e35191240f32-le64.cache-6
7f3ff4b80000-7f3ff4b93000 r--s 00000000 08:01 927395                     /var/cache/fontconfig/d52a8644073d54c13679302ca1180695-le64.cache-6
7f3ff4beb000-7f3ff4bee000 ---p 00000000 00:00 0 
7f3ff4bee000-7f3ff4cec000 rw-p 00000000 00:00 0 
7f3ff4cec000-7f3ff4cef000 ---p 00000000 00:00 0 
7f3ff4cef000-7f3ff4ded000 rw-p 00000000 00:00 0 
7f3ff4ded000-7f3ff4dfe000 r-xp 00000000 08:01 667184                     /usr/lib/jvm/java-8-openjdk-amd64/jre/lib/amd64/libnio.so
7f3ff4dfe000-7f3ff4ffd000 ---p 00011000 08:01 667184                     /usr/lib/jvm/java-8-openjdk-amd64/jre/lib/amd64/libnio.so
7f3ff4ffd000-7f3ff4ffe000 r--p 00010000 08:01 667184                     /usr/lib/jvm/java-8-openjdk-amd64/jre/lib/amd64/libnio.so
7f3ff4ffe000-7f3ff4fff000 rw-p 00011000 08:01 667184                     /usr/lib/jvm/java-8-openjdk-amd64/jre/lib/amd64/libnio.so
7f3ff4fff000-7f3ff8000000 rw-p 00000000 00:00 0 
7f3ff8000000-7f3ff8021000 rw-p 00000000 00:00 0 
7f3ff8021000-7f3ffc000000 ---p 00000000 00:00 0 
7f3ffc000000-7f3ffc021000 rw-p 00000000 00:00 0 
7f3ffc021000-7f4000000000 ---p 00000000 00:00 0 
7f4000000000-7f4000339000 rw-p 00000000 00:00 0 
7f4000339000-7f4004000000 ---p 00000000 00:00 0 
7f4004000000-7f4004021000 rw-p 00000000 00:00 0 
7f4004021000-7f4008000000 ---p 00000000 00:00 0 
7f4008000000-7f400821d000 rw-p 00000000 00:00 0 
7f400821d000-7f400c000000 ---p 00000000 00:00 0 
7f400c000000-7f400c5f6000 rw-p 00000000 00:00 0 
7f400c5f6000-7f4010000000 ---p 00000000 00:00 0 
7f4010000000-7f4010021000 rw-p 00000000 00:00 0 
7f4010021000-7f4014000000 ---p 00000000 00:00 0 
7f4014000000-7f4014021000 rw-p 00000000 00:00 0 
7f4014021000-7f4018000000 ---p 00000000 00:00 0 
7f4018000000-7f4018021000 rw-p 00000000 00:00 0 
7f4018021000-7f401c000000 ---p 00000000 00:00 0 
7f401c000000-7f401c021000 rw-p 00000000 00:00 0 
7f401c021000-7f4020000000 ---p 00000000 00:00 0 
7f4020000000-7f4020021000 rw-p 00000000 00:00 0 
7f4020021000-7f4024000000 ---p 00000000 00:00 0 
7f4024000000-7f4024021000 rw-p 00000000 00:00 0 
7f4024021000-7f4028000000 ---p 00000000 00:00 0 
7f4028000000-7f4028001000 r--s 00000000 08:01 927398                     /var/cache/fontconfig/dc05db6664285cc2f12bf69c139ae4c3-le64.cache-6
7f4028001000-7f4028006000 r--s 00000000 08:01 927384                     /var/cache/fontconfig/8801497958630a81b71ace7c5f9b32a8-le64.cache-6
7f4028006000-7f402800d000 r--s 00000000 08:01 927368                     /var/cache/fontconfig/3047814df9a2f067bd2d96a2b9c36e5a-le64.cache-6
7f402800d000-7f4028023000 r-xp 00000000 08:01 667220                     /usr/lib/jvm/java-8-openjdk-amd64/jre/lib/amd64/libnet.so
7f4028023000-7f4028223000 ---p 00016000 08:01 667220                     /usr/lib/jvm/java-8-openjdk-amd64/jre/lib/amd64/libnet.so
7f4028223000-7f4028224000 r--p 00016000 08:01 667220                     /usr/lib/jvm/java-8-openjdk-amd64/jre/lib/amd64/libnet.so
7f4028224000-7f4028225000 rw-p 00017000 08:01 667220                     /usr/lib/jvm/java-8-openjdk-amd64/jre/lib/amd64/libnet.so
7f4028225000-7f4028228000 ---p 00000000 00:00 0 
7f4028228000-7f4028326000 rw-p 00000000 00:00 0 
7f4028326000-7f402832b000 r-xp 00000000 08:01 664983                     /usr/lib/x86_64-linux-gnu/libXfixes.so.3.1.0
7f402832b000-7f402852a000 ---p 00005000 08:01 664983                     /usr/lib/x86_64-linux-gnu/libXfixes.so.3.1.0
7f402852a000-7f402852b000 r--p 00004000 08:01 664983                     /usr/lib/x86_64-linux-gnu/libXfixes.so.3.1.0
7f402852b000-7f402852c000 rw-p 00005000 08:01 664983                     /usr/lib/x86_64-linux-gnu/libXfixes.so.3.1.0
7f402852c000-7f4028535000 r-xp 00000000 08:01 660206                     /usr/lib/x86_64-linux-gnu/libXcursor.so.1.0.2
7f4028535000-7f4028734000 ---p 00009000 08:01 660206                     /usr/lib/x86_64-linux-gnu/libXcursor.so.1.0.2
7f4028734000-7f4028735000 r--p 00008000 08:01 660206                     /usr/lib/x86_64-linux-gnu/libXcursor.so.1.0.2
7f4028735000-7f4028736000 rw-p 00009000 08:01 660206                     /usr/lib/x86_64-linux-gnu/libXcursor.so.1.0.2
7f4028736000-7f4028739000 ---p 00000000 00:00 0 
7f4028739000-7f4028837000 rw-p 00000000 00:00 0 
7f4028837000-7f402885b000 r-xp 00000000 08:01 2496012                    /lib/x86_64-linux-gnu/libpng12.so.0.54.0
7f402885b000-7f4028a5a000 ---p 00024000 08:01 2496012                    /lib/x86_64-linux-gnu/libpng12.so.0.54.0
7f4028a5a000-7f4028a5b000 r--p 00023000 08:01 2496012                    /lib/x86_64-linux-gnu/libpng12.so.0.54.0
7f4028a5b000-7f4028a5c000 rw-p 00024000 08:01 2496012                    /lib/x86_64-linux-gnu/libpng12.so.0.54.0
7f4028a5c000-7f4028b00000 r-xp 00000000 08:01 665406                     /usr/lib/x86_64-linux-gnu/libfreetype.so.6.12.1
7f4028b00000-7f4028cff000 ---p 000a4000 08:01 665406                     /usr/lib/x86_64-linux-gnu/libfreetype.so.6.12.1
7f4028cff000-7f4028d05000 r--p 000a3000 08:01 665406                     /usr/lib/x86_64-linux-gnu/libfreetype.so.6.12.1
7f4028d05000-7f4028d06000 rw-p 000a9000 08:01 665406                     /usr/lib/x86_64-linux-gnu/libfreetype.so.6.12.1
7f4028d06000-7f4028d07000 r--s 00000000 08:01 922632                     /var/cache/fontconfig/4794a0821666d79190d59a36cb4f44b5-le64.cache-6
7f4028d07000-7f4028d08000 r--s 00000000 08:01 927391                     /var/cache/fontconfig/bab58bb527bb656aaa9f116d68a48d89-le64.cache-6
7f4028d08000-7f4028d0e000 r--s 00000000 08:01 927389                     /var/cache/fontconfig/b47c4e1ecd0709278f4910c18777a504-le64.cache-6
7f4028d0e000-7f4028d16000 r--s 00000000 08:01 918371                     /var/cache/fontconfig/52f7bdb7ce746bfd7eaa1985bd9cfa93-le64.cache-6
7f4028d16000-7f4028d28000 r--s 00000000 08:01 927387                     /var/cache/fontconfig/9b89f8e3dae116d678bbf48e5f21f69b-le64.cache-6
7f4028d28000-7f4028d79000 r-xp 00000000 08:01 667209                     /usr/lib/jvm/java-8-openjdk-amd64/jre/lib/amd64/libfontmanager.so
7f4028d79000-7f4028f79000 ---p 00051000 08:01 667209                     /usr/lib/jvm/java-8-openjdk-amd64/jre/lib/amd64/libfontmanager.so
7f4028f79000-7f4028f7b000 r--p 00051000 08:01 667209                     /usr/lib/jvm/java-8-openjdk-amd64/jre/lib/amd64/libfontmanager.so
7f4028f7b000-7f4028f7c000 rw-p 00053000 08:01 667209                     /usr/lib/jvm/java-8-openjdk-amd64/jre/lib/amd64/libfontmanager.so
7f4028f7c000-7f4028f81000 r-xp 00000000 08:01 664979                     /usr/lib/x86_64-linux-gnu/libXdmcp.so.6.0.0
7f4028f81000-7f4029180000 ---p 00005000 08:01 664979                     /usr/lib/x86_64-linux-gnu/libXdmcp.so.6.0.0
7f4029180000-7f4029181000 r--p 00004000 08:01 664979                     /usr/lib/x86_64-linux-gnu/libXdmcp.so.6.0.0
7f4029181000-7f4029182000 rw-p 00005000 08:01 664979                     /usr/lib/x86_64-linux-gnu/libXdmcp.so.6.0.0
7f4029182000-7f4029184000 r-xp 00000000 08:01 664968                     /usr/lib/x86_64-linux-gnu/libXau.so.6.0.0
7f4029184000-7f4029384000 ---p 00002000 08:01 664968                     /usr/lib/x86_64-linux-gnu/libXau.so.6.0.0
7f4029384000-7f4029385000 r--p 00002000 08:01 664968                     /usr/lib/x86_64-linux-gnu/libXau.so.6.0.0
7f4029385000-7f4029386000 rw-p 00003000 08:01 664968                     /usr/lib/x86_64-linux-gnu/libXau.so.6.0.0
7f4029386000-7f40293a7000 r-xp 00000000 08:01 666392                     /usr/lib/x86_64-linux-gnu/libxcb.so.1.1.0
7f40293a7000-7f40295a6000 ---p 00021000 08:01 666392                     /usr/lib/x86_64-linux-gnu/libxcb.so.1.1.0
7f40295a6000-7f40295a7000 r--p 00020000 08:01 666392                     /usr/lib/x86_64-linux-gnu/libxcb.so.1.1.0
7f40295a7000-7f40295a8000 rw-p 00021000 08:01 666392                     /usr/lib/x86_64-linux-gnu/libxcb.so.1.1.0
7f40295a8000-7f40295b7000 r-xp 00000000 08:01 664991                     /usr/lib/x86_64-linux-gnu/libXi.so.6.1.0
7f40295b7000-7f40297b6000 ---p 0000f000 08:01 664991                     /usr/lib/x86_64-linux-gnu/libXi.so.6.1.0
7f40297b6000-7f40297b7000 r--p 0000e000 08:01 664991                     /usr/lib/x86_64-linux-gnu/libXi.so.6.1.0
7f40297b7000-7f40297b8000 rw-p 0000f000 08:01 664991                     /usr/lib/x86_64-linux-gnu/libXi.so.6.1.0
7f40297b8000-7f40297bd000 r-xp 00000000 08:01 665009                     /usr/lib/x86_64-linux-gnu/libXtst.so.6.1.0
7f40297bd000-7f40299bc000 ---p 00005000 08:01 665009                     /usr/lib/x86_64-linux-gnu/libXtst.so.6.1.0
7f40299bc000-7f40299bd000 r--p 00004000 08:01 665009                     /usr/lib/x86_64-linux-gnu/libXtst.so.6.1.0
7f40299bd000-7f40299be000 rw-p 00005000 08:01 665009                     /usr/lib/x86_64-linux-gnu/libXtst.so.6.1.0
7f40299be000-7f40299c7000 r-xp 00000000 08:01 665003                     /usr/lib/x86_64-linux-gnu/libXrender.so.1.3.0
7f40299c7000-7f4029bc6000 ---p 00009000 08:01 665003                     /usr/lib/x86_64-linux-gnu/libXrender.so.1.3.0
7f4029bc6000-7f4029bc7000 r--p 00008000 08:01 665003                     /usr/lib/x86_64-linux-gnu/libXrender.so.1.3.0
7f4029bc7000-7f4029bc8000 rw-p 00009000 08:01 665003                     /usr/lib/x86_64-linux-gnu/libXrender.so.1.3.0
7f4029bc8000-7f4029cfd000 r-xp 00000000 08:01 656800                     /usr/lib/x86_64-linux-gnu/libX11.so.6.3.0
7f4029cfd000-7f4029efd000 ---p 00135000 08:01 656800                     /usr/lib/x86_64-linux-gnu/libX11.so.6.3.0
7f4029efd000-7f4029efe000 r--p 00135000 08:01 656800                     /usr/lib/x86_64-linux-gnu/libX11.so.6.3.0
7f4029efe000-7f4029f02000 rw-p 00136000 08:01 656800                     /usr/lib/x86_64-linux-gnu/libX11.so.6.3.0
7f4029f02000-7f4029f13000 r-xp 00000000 08:01 664981                     /usr/lib/x86_64-linux-gnu/libXext.so.6.4.0
7f4029f13000-7f402a112000 ---p 00011000 08:01 664981                     /usr/lib/x86_64-linux-gnu/libXext.so.6.4.0
7f402a112000-7f402a113000 r--p 00010000 08:01 664981                     /usr/lib/x86_64-linux-gnu/libXext.so.6.4.0
7f402a113000-7f402a114000 rw-p 00011000 08:01 664981                     /usr/lib/x86_64-linux-gnu/libXext.so.6.4.0
7f402a114000-7f402a115000 r--s 00000000 08:01 927375                     /var/cache/fontconfig/56cf4f4769d0f4abc89a4895d7bd3ae1-le64.cache-6
7f402a115000-7f402a120000 r--s 00000000 08:01 918579                     /var/cache/fontconfig/d589a48862398ed80a3d6066f4f56f4c-le64.cache-6
7f402a120000-7f402a123000 r--s 00000000 08:01 927380                     /var/cache/fontconfig/75114ca45c98e8a441da0ff356701271-le64.cache-6
7f402a123000-7f402a136000 r--s 00346000 08:01 667229                     /usr/lib/jvm/java-8-openjdk-amd64/jre/lib/resources.jar
7f402a136000-7f402a191000 r-xp 00000000 08:01 667178                     /usr/lib/jvm/java-8-openjdk-amd64/jre/lib/amd64/libawt_xawt.so
7f402a191000-7f402a390000 ---p 0005b000 08:01 667178                     /usr/lib/jvm/java-8-openjdk-amd64/jre/lib/amd64/libawt_xawt.so
7f402a390000-7f402a391000 r--p 0005a000 08:01 667178                     /usr/lib/jvm/java-8-openjdk-amd64/jre/lib/amd64/libawt_xawt.so
7f402a391000-7f402a394000 rw-p 0005b000 08:01 667178                     /usr/lib/jvm/java-8-openjdk-amd64/jre/lib/amd64/libawt_xawt.so
7f402a394000-7f402a396000 rw-p 00000000 00:00 0 
7f402a396000-7f402a435000 r-xp 00000000 08:01 667182                     /usr/lib/jvm/java-8-openjdk-amd64/jre/lib/amd64/libawt.so
7f402a435000-7f402a635000 ---p 0009f000 08:01 667182                     /usr/lib/jvm/java-8-openjdk-amd64/jre/lib/amd64/libawt.so
7f402a635000-7f402a636000 r--p 0009f000 08:01 667182                     /usr/lib/jvm/java-8-openjdk-amd64/jre/lib/amd64/libawt.so
7f402a636000-7f402a641000 rw-p 000a0000 08:01 667182                     /usr/lib/jvm/java-8-openjdk-amd64/jre/lib/amd64/libawt.so
7f402a641000-7f402a666000 rw-p 00000000 00:00 0 
7f402a666000-7f402a685000 r--s 0031f000 08:06 20054318                   /home/bmo-one/Desktop/OJDBC-Full/ojdbc7.jar
7f402a685000-7f402a6a0000 r--s 00394000 08:01 667253                     /usr/lib/jvm/java-8-openjdk-amd64/jre/lib/ext/cldrdata.jar
7f402a6a0000-7f402a6a1000 ---p 00000000 00:00 0 
7f402a6a1000-7f402a7a1000 rw-p 00000000 00:00 0 
7f402a7a1000-7f402a7a4000 ---p 00000000 00:00 0 
7f402a7a4000-7f402a8a2000 rw-p 00000000 00:00 0 
7f402a8a2000-7f402a8a5000 ---p 00000000 00:00 0 
7f402a8a5000-7f402a9a3000 rw-p 00000000 00:00 0 
7f402a9a3000-7f402a9a6000 ---p 00000000 00:00 0 
7f402a9a6000-7f402aaa4000 rw-p 00000000 00:00 0 
7f402aaa4000-7f402aaa7000 ---p 00000000 00:00 0 
7f402aaa7000-7f402aba5000 rw-p 00000000 00:00 0 
7f402aba5000-7f402aba8000 ---p 00000000 00:00 0 
7f402aba8000-7f402aca6000 rw-p 00000000 00:00 0 
7f402aca6000-7f402b0af000 r--p 00000000 08:01 658006                     /usr/lib/locale/locale-archive
7f402b0af000-7f402b0b2000 ---p 00000000 00:00 0 
7f402b0b2000-7f402b1b0000 rw-p 00000000 00:00 0 
7f402b1b0000-7f402b1b3000 ---p 00000000 00:00 0 
7f402b1b3000-7f402b2b1000 rw-p 00000000 00:00 0 
7f402b2b1000-7f402b2b2000 ---p 00000000 00:00 0 
7f402b2b2000-7f402c000000 rw-p 00000000 00:00 0 
7f402c000000-7f402c021000 rw-p 00000000 00:00 0 
7f402c021000-7f4030000000 ---p 00000000 00:00 0 
7f4030000000-7f4030001000 r--s 00000000 08:01 927390                     /var/cache/fontconfig/b9d506c9ac06c20b433354fa67a72993-le64.cache-6
7f4030001000-7f403000c000 r--s 00000000 08:01 927383                     /var/cache/fontconfig/83bf95040141907cd45bb53cf7c1c148-le64.cache-6
7f403000c000-7f4034000000 rw-p 00000000 00:00 0 
7f4034000000-7f4034021000 rw-p 00000000 00:00 0 
7f4034021000-7f4038000000 ---p 00000000 00:00 0 
7f4038000000-7f4038001000 r--s 00000000 08:01 927374                     /var/cache/fontconfig/551ecf3b0e8b0bca0f25c0944f561853-le64.cache-6
7f4038001000-7f4038002000 r--s 00000000 08:01 927369                     /var/cache/fontconfig/30829fa25452a46451e813d634d7f916-le64.cache-6
7f4038002000-7f4038006000 r--s 00000000 08:01 919521                     /var/cache/fontconfig/7ef2298fde41cc6eeb7af42e48b7d293-le64.cache-6
7f4038006000-7f4038155000 rw-p 00000000 00:00 0 
7f4038155000-7f4038324000 r--s 03c3b000 08:01 667227                     /usr/lib/jvm/java-8-openjdk-amd64/jre/lib/rt.jar
7f4038324000-7f4038eff000 rw-p 00000000 00:00 0 
7f4038eff000-7f4038f00000 ---p 00000000 00:00 0 
7f4038f00000-7f4039000000 rw-p 00000000 00:00 0 
7f4039000000-7f40393e0000 rwxp 00000000 00:00 0 
7f40393e0000-7f4048000000 ---p 00000000 00:00 0 
7f4048000000-7f4048312000 rw-p 00000000 00:00 0 
7f4048312000-7f404c000000 ---p 00000000 00:00 0 
7f404c000000-7f404c001000 r--s 00000000 08:01 927363                     /var/cache/fontconfig/0c9eb80ebd1c36541ebe2852d3bb0c49-le64.cache-6
7f404c001000-7f404c01c000 r--s 001d6000 08:01 667254                     /usr/lib/jvm/java-8-openjdk-amd64/jre/lib/ext/nashorn.jar
7f404c01c000-7f404c092000 rw-p 00000000 00:00 0 
7f404c092000-7f404c093000 ---p 00000000 00:00 0 
7f404c093000-7f404c193000 rw-p 00000000 00:00 0 
7f404c193000-7f404c194000 ---p 00000000 00:00 0 
7f404c194000-7f404c294000 rw-p 00000000 00:00 0 
7f404c294000-7f404c295000 ---p 00000000 00:00 0 
7f404c295000-7f404c3bf000 rw-p 00000000 00:00 0 
7f404c3bf000-7f404c627000 ---p 00000000 00:00 0 
7f404c627000-7f404c651000 rw-p 00000000 00:00 0 
7f404c651000-7f404c8b9000 ---p 00000000 00:00 0 
7f404c8b9000-7f404c8ce000 rw-p 00000000 00:00 0 
7f404c8ce000-7f404ca02000 ---p 00000000 00:00 0 
7f404ca02000-7f404ca13000 rw-p 00000000 00:00 0 
7f404ca13000-7f404cdc3000 ---p 00000000 00:00 0 
7f404cdc3000-7f404cdcb000 r-xp 00000000 08:01 667226                     /usr/lib/jvm/java-8-openjdk-amd64/jre/lib/amd64/libzip.so
7f404cdcb000-7f404cfca000 ---p 00008000 08:01 667226                     /usr/lib/jvm/java-8-openjdk-amd64/jre/lib/amd64/libzip.so
7f404cfca000-7f404cfcb000 r--p 00007000 08:01 667226                     /usr/lib/jvm/java-8-openjdk-amd64/jre/lib/amd64/libzip.so
7f404cfcb000-7f404cfcc000 rw-p 00008000 08:01 667226                     /usr/lib/jvm/java-8-openjdk-amd64/jre/lib/amd64/libzip.so
7f404cfcc000-7f404cfd7000 r-xp 00000000 08:01 2492359                    /lib/x86_64-linux-gnu/libnss_files-2.23.so
7f404cfd7000-7f404d1d6000 ---p 0000b000 08:01 2492359                    /lib/x86_64-linux-gnu/libnss_files-2.23.so
7f404d1d6000-7f404d1d7000 r--p 0000a000 08:01 2492359                    /lib/x86_64-linux-gnu/libnss_files-2.23.so
7f404d1d7000-7f404d1d8000 rw-p 0000b000 08:01 2492359                    /lib/x86_64-linux-gnu/libnss_files-2.23.so
7f404d1d8000-7f404d1de000 rw-p 00000000 00:00 0 
7f404d1de000-7f404d1e9000 r-xp 00000000 08:01 2492331                    /lib/x86_64-linux-gnu/libnss_nis-2.23.so
7f404d1e9000-7f404d3e8000 ---p 0000b000 08:01 2492331                    /lib/x86_64-linux-gnu/libnss_nis-2.23.so
7f404d3e8000-7f404d3e9000 r--p 0000a000 08:01 2492331                    /lib/x86_64-linux-gnu/libnss_nis-2.23.so
7f404d3e9000-7f404d3ea000 rw-p 0000b000 08:01 2492331                    /lib/x86_64-linux-gnu/libnss_nis-2.23.so
7f404d3ea000-7f404d400000 r-xp 00000000 08:01 2492351                    /lib/x86_64-linux-gnu/libnsl-2.23.so
7f404d400000-7f404d5ff000 ---p 00016000 08:01 2492351                    /lib/x86_64-linux-gnu/libnsl-2.23.so
7f404d5ff000-7f404d600000 r--p 00015000 08:01 2492351                    /lib/x86_64-linux-gnu/libnsl-2.23.so
7f404d600000-7f404d601000 rw-p 00016000 08:01 2492351                    /lib/x86_64-linux-gnu/libnsl-2.23.so
7f404d601000-7f404d603000 rw-p 00000000 00:00 0 
7f404d603000-7f404d60b000 r-xp 00000000 08:01 2492375                    /lib/x86_64-linux-gnu/libnss_compat-2.23.so
7f404d60b000-7f404d80a000 ---p 00008000 08:01 2492375                    /lib/x86_64-linux-gnu/libnss_compat-2.23.so
7f404d80a000-7f404d80b000 r--p 00007000 08:01 2492375                    /lib/x86_64-linux-gnu/libnss_compat-2.23.so
7f404d80b000-7f404d80c000 rw-p 00008000 08:01 2492375                    /lib/x86_64-linux-gnu/libnss_compat-2.23.so
7f404d80c000-7f404d838000 r-xp 00000000 08:01 667208                     /usr/lib/jvm/java-8-openjdk-amd64/jre/lib/amd64/libjava.so
7f404d838000-7f404da37000 ---p 0002c000 08:01 667208                     /usr/lib/jvm/java-8-openjdk-amd64/jre/lib/amd64/libjava.so
7f404da37000-7f404da38000 r--p 0002b000 08:01 667208                     /usr/lib/jvm/java-8-openjdk-amd64/jre/lib/amd64/libjava.so
7f404da38000-7f404da3a000 rw-p 0002c000 08:01 667208                     /usr/lib/jvm/java-8-openjdk-amd64/jre/lib/amd64/libjava.so
7f404da3a000-7f404da49000 r-xp 00000000 08:01 667190                     /usr/lib/jvm/java-8-openjdk-amd64/jre/lib/amd64/libverify.so
7f404da49000-7f404dc48000 ---p 0000f000 08:01 667190                     /usr/lib/jvm/java-8-openjdk-amd64/jre/lib/amd64/libverify.so
7f404dc48000-7f404dc4a000 r--p 0000e000 08:01 667190                     /usr/lib/jvm/java-8-openjdk-amd64/jre/lib/amd64/libverify.so
7f404dc4a000-7f404dc4b000 rw-p 00010000 08:01 667190                     /usr/lib/jvm/java-8-openjdk-amd64/jre/lib/amd64/libverify.so
7f404dc4b000-7f404dc52000 r-xp 00000000 08:01 2492303                    /lib/x86_64-linux-gnu/librt-2.23.so
7f404dc52000-7f404de51000 ---p 00007000 08:01 2492303                    /lib/x86_64-linux-gnu/librt-2.23.so
7f404de51000-7f404de52000 r--p 00006000 08:01 2492303                    /lib/x86_64-linux-gnu/librt-2.23.so
7f404de52000-7f404de53000 rw-p 00007000 08:01 2492303                    /lib/x86_64-linux-gnu/librt-2.23.so
7f404de53000-7f404de69000 r-xp 00000000 08:01 2495909                    /lib/x86_64-linux-gnu/libgcc_s.so.1
7f404de69000-7f404e068000 ---p 00016000 08:01 2495909                    /lib/x86_64-linux-gnu/libgcc_s.so.1
7f404e068000-7f404e069000 rw-p 00015000 08:01 2495909                    /lib/x86_64-linux-gnu/libgcc_s.so.1
7f404e069000-7f404e171000 r-xp 00000000 08:01 2492378                    /lib/x86_64-linux-gnu/libm-2.23.so
7f404e171000-7f404e370000 ---p 00108000 08:01 2492378                    /lib/x86_64-linux-gnu/libm-2.23.so
7f404e370000-7f404e371000 r--p 00107000 08:01 2492378                    /lib/x86_64-linux-gnu/libm-2.23.so
7f404e371000-7f404e372000 rw-p 00108000 08:01 2492378                    /lib/x86_64-linux-gnu/libm-2.23.so
7f404e372000-7f404e4e4000 r-xp 00000000 08:01 656239                     /usr/lib/x86_64-linux-gnu/libstdc++.so.6.0.21
7f404e4e4000-7f404e6e4000 ---p 00172000 08:01 656239                     /usr/lib/x86_64-linux-gnu/libstdc++.so.6.0.21
7f404e6e4000-7f404e6ee000 r--p 00172000 08:01 656239                     /usr/lib/x86_64-linux-gnu/libstdc++.so.6.0.21
7f404e6ee000-7f404e6f0000 rw-p 0017c000 08:01 656239                     /usr/lib/x86_64-linux-gnu/libstdc++.so.6.0.21
7f404e6f0000-7f404e6f4000 rw-p 00000000 00:00 0 
7f404e6f4000-7f404f358000 r-xp 00000000 08:01 667206                     /usr/lib/jvm/java-8-openjdk-amd64/jre/lib/amd64/server/libjvm.so
7f404f358000-7f404f557000 ---p 00c64000 08:01 667206                     /usr/lib/jvm/java-8-openjdk-amd64/jre/lib/amd64/server/libjvm.so
7f404f557000-7f404f5eb000 r--p 00c63000 08:01 667206                     /usr/lib/jvm/java-8-openjdk-amd64/jre/lib/amd64/server/libjvm.so
7f404f5eb000-7f404f614000 rw-p 00cf7000 08:01 667206                     /usr/lib/jvm/java-8-openjdk-amd64/jre/lib/amd64/server/libjvm.so
7f404f614000-7f404f644000 rw-p 00000000 00:00 0 
7f404f644000-7f404f65c000 r-xp 00000000 08:01 2492319                    /lib/x86_64-linux-gnu/libpthread-2.23.so
7f404f65c000-7f404f85b000 ---p 00018000 08:01 2492319                    /lib/x86_64-linux-gnu/libpthread-2.23.so
7f404f85b000-7f404f85c000 r--p 00017000 08:01 2492319                    /lib/x86_64-linux-gnu/libpthread-2.23.so
7f404f85c000-7f404f85d000 rw-p 00018000 08:01 2492319                    /lib/x86_64-linux-gnu/libpthread-2.23.so
7f404f85d000-7f404f861000 rw-p 00000000 00:00 0 
7f404f861000-7f404f864000 r-xp 00000000 08:01 2492311                    /lib/x86_64-linux-gnu/libdl-2.23.so
7f404f864000-7f404fa63000 ---p 00003000 08:01 2492311                    /lib/x86_64-linux-gnu/libdl-2.23.so
7f404fa63000-7f404fa64000 r--p 00002000 08:01 2492311                    /lib/x86_64-linux-gnu/libdl-2.23.so
7f404fa64000-7f404fa65000 rw-p 00003000 08:01 2492311                    /lib/x86_64-linux-gnu/libdl-2.23.so
7f404fa65000-7f404fa7e000 r-xp 00000000 08:01 2496062                    /lib/x86_64-linux-gnu/libz.so.1.2.8
7f404fa7e000-7f404fc7d000 ---p 00019000 08:01 2496062                    /lib/x86_64-linux-gnu/libz.so.1.2.8
7f404fc7d000-7f404fc7e000 r--p 00018000 08:01 2496062                    /lib/x86_64-linux-gnu/libz.so.1.2.8
7f404fc7e000-7f404fc7f000 rw-p 00019000 08:01 2496062                    /lib/x86_64-linux-gnu/libz.so.1.2.8
7f404fc7f000-7f404fe3f000 r-xp 00000000 08:01 2492371                    /lib/x86_64-linux-gnu/libc-2.23.so
7f404fe3f000-7f405003f000 ---p 001c0000 08:01 2492371                    /lib/x86_64-linux-gnu/libc-2.23.so
7f405003f000-7f4050043000 r--p 001c0000 08:01 2492371                    /lib/x86_64-linux-gnu/libc-2.23.so
7f4050043000-7f4050045000 rw-p 001c4000 08:01 2492371                    /lib/x86_64-linux-gnu/libc-2.23.so
7f4050045000-7f4050049000 rw-p 00000000 00:00 0 
7f4050049000-7f4050056000 r-xp 00000000 08:01 667225                     /usr/lib/jvm/java-8-openjdk-amd64/jre/lib/amd64/jli/libjli.so
7f4050056000-7f4050255000 ---p 0000d000 08:01 667225                     /usr/lib/jvm/java-8-openjdk-amd64/jre/lib/amd64/jli/libjli.so
7f4050255000-7f4050256000 r--p 0000c000 08:01 667225                     /usr/lib/jvm/java-8-openjdk-amd64/jre/lib/amd64/jli/libjli.so
7f4050256000-7f4050257000 rw-p 0000d000 08:01 667225                     /usr/lib/jvm/java-8-openjdk-amd64/jre/lib/amd64/jli/libjli.so
7f4050257000-7f405027d000 r-xp 00000000 08:01 2492315                    /lib/x86_64-linux-gnu/ld-2.23.so
7f405027d000-7f4050280000 r--s 00000000 08:01 927399                     /var/cache/fontconfig/e13b20fdb08344e0e664864cc2ede53d-le64.cache-6
7f4050280000-7f4050286000 r--s 00023000 08:06 20447786                   /home/bmo-one/Desktop/jcalendar/lib/jcalendar-1.4.jar
7f4050286000-7f4050289000 r--s 0000f000 08:01 667252                     /usr/lib/jvm/java-8-openjdk-amd64/jre/lib/ext/icedtea-sound.jar
7f4050289000-7f4050354000 rw-p 00000000 00:00 0 
7f4050354000-7f4050357000 ---p 00000000 00:00 0 
7f4050357000-7f4050459000 rw-p 00000000 00:00 0 
7f4050459000-7f405045a000 r--s 00010000 08:01 667255                     /usr/lib/jvm/java-8-openjdk-amd64/jre/lib/ext/zipfs.jar
7f405045a000-7f405045b000 r--s 0000a000 08:01 667258                     /usr/lib/jvm/java-8-openjdk-amd64/jre/lib/ext/jaccess.jar
7f405045b000-7f4050465000 r--s 00116000 08:01 667260                     /usr/lib/jvm/java-8-openjdk-amd64/jre/lib/ext/localedata.jar
7f4050465000-7f4050468000 r--s 00039000 08:01 667261                     /usr/lib/jvm/java-8-openjdk-amd64/jre/lib/ext/sunpkcs11.jar
7f4050468000-7f405046d000 r--s 0003c000 08:01 667257                     /usr/lib/jvm/java-8-openjdk-amd64/jre/lib/ext/sunjce_provider.jar
7f405046d000-7f405046f000 r--s 00001000 08:01 667259                     /usr/lib/jvm/java-8-openjdk-amd64/jre/lib/ext/dnsns.jar
7f405046f000-7f4050471000 r--s 00008000 08:01 667256                     /usr/lib/jvm/java-8-openjdk-amd64/jre/lib/ext/sunec.jar
7f4050471000-7f4050479000 rw-s 00000000 08:01 527445                     /tmp/hsperfdata_bmo-one/10141
7f4050479000-7f405047a000 rw-p 00000000 00:00 0 
7f405047a000-7f405047b000 r--p 00000000 00:00 0 
7f405047b000-7f405047c000 rw-p 00000000 00:00 0 
7f405047c000-7f405047d000 r--p 00025000 08:01 2492315                    /lib/x86_64-linux-gnu/ld-2.23.so
7f405047d000-7f405047e000 rw-p 00026000 08:01 2492315                    /lib/x86_64-linux-gnu/ld-2.23.so
7f405047e000-7f405047f000 rw-p 00000000 00:00 0 
7ffc460b8000-7ffc460d9000 rw-p 00000000 00:00 0                          [stack]
7ffc461e8000-7ffc461eb000 r--p 00000000 00:00 0                          [vvar]
7ffc461eb000-7ffc461ed000 r-xp 00000000 00:00 0                          [vdso]
ffffffffff600000-ffffffffff601000 r-xp 00000000 00:00 0                  [vsyscall]

VM Arguments:
jvm_args: -Dfile.encoding=UTF-8 
java_command: view.compra
java_class_path (initial): /home/bmo-one/Desktop/OJDBC-Full/ojdbc7.jar:/home/bmo-one/Desktop/jcalendar/lib/jcalendar-1.4.jar:/home/bmo-one/Desktop/Comprar/build/classes
Launcher Type: SUN_STANDARD

Environment Variables:
PATH=/home/bmo-one/bin:/home/bmo-one/.local/bin:/usr/local/sbin:/usr/local/bin:/usr/sbin:/usr/bin:/sbin:/bin:/usr/games:/usr/local/games:/snap/bin
LD_LIBRARY_PATH=/usr/lib/jvm/java-8-openjdk-amd64/jre/lib/amd64:/usr/lib/jvm/java-8-openjdk-amd64/jre/lib/i386:
SHELL=/bin/bash
DISPLAY=:0

Signal Handlers:
SIGSEGV: [libjvm.so+0xa765a0], sa_mask[0]=11111111011111111101111111111110, sa_flags=SA_RESTART|SA_SIGINFO
SIGBUS: [libjvm.so+0xa765a0], sa_mask[0]=11111111011111111101111111111110, sa_flags=SA_RESTART|SA_SIGINFO
SIGFPE: [libjvm.so+0x8bd800], sa_mask[0]=11111111011111111101111111111110, sa_flags=SA_RESTART|SA_SIGINFO
SIGPIPE: [libjvm.so+0x8bd800], sa_mask[0]=11111111011111111101111111111110, sa_flags=SA_RESTART|SA_SIGINFO
SIGXFSZ: [libjvm.so+0x8bd800], sa_mask[0]=11111111011111111101111111111110, sa_flags=SA_RESTART|SA_SIGINFO
SIGILL: [libjvm.so+0x8bd800], sa_mask[0]=11111111011111111101111111111110, sa_flags=SA_RESTART|SA_SIGINFO
SIGUSR1: SIG_DFL, sa_mask[0]=00000000000000000000000000000000, sa_flags=none
SIGUSR2: [libjvm.so+0x8bd6b0], sa_mask[0]=00100000000000000000000000000000, sa_flags=SA_RESTART|SA_SIGINFO
SIGHUP: [libjvm.so+0x8bdd40], sa_mask[0]=11111111011111111101111111111110, sa_flags=SA_RESTART|SA_SIGINFO
SIGINT: SIG_IGN, sa_mask[0]=00000000000000000000000000000000, sa_flags=none
SIGTERM: [libjvm.so+0x8bdd40], sa_mask[0]=11111111011111111101111111111110, sa_flags=SA_RESTART|SA_SIGINFO
SIGQUIT: [libjvm.so+0x8bdd40], sa_mask[0]=11111111011111111101111111111110, sa_flags=SA_RESTART|SA_SIGINFO


---------------  S Y S T E M  ---------------

OS:DISTRIB_ID=Ubuntu
DISTRIB_RELEASE=16.04
DISTRIB_CODENAME=xenial
DISTRIB_DESCRIPTION="Ubuntu 16.04.6 LTS"

uname:Linux 4.15.0-51-generic #55~16.04.1-Ubuntu SMP Thu May 16 09:24:37 UTC 2019 x86_64
libc:glibc 2.23 NPTL 2.23 
rlimit: STACK 8192k, CORE 0k, NPROC 31322, NOFILE 1048576, AS infinity
load average:0,15 0,26 0,27

/proc/meminfo:
MemTotal:        8079140 kB
MemFree:         2514416 kB
MemAvailable:    4861584 kB
Buffers:          421588 kB
Cached:          2951432 kB
SwapCached:            0 kB
Active:          3459856 kB
Inactive:        1748832 kB
Active(anon):    2210980 kB
Inactive(anon):   553456 kB
Active(file):    1248876 kB
Inactive(file):  1195376 kB
Unevictable:          64 kB
Mlocked:              64 kB
SwapTotal:       7999484 kB
SwapFree:        7999484 kB
Dirty:               432 kB
Writeback:            44 kB
AnonPages:       1833892 kB
Mapped:           416556 kB
Shmem:            928692 kB
Slab:             261292 kB
SReclaimable:     212988 kB
SUnreclaim:        48304 kB
KernelStack:        7472 kB
PageTables:        31828 kB
NFS_Unstable:          0 kB
Bounce:                0 kB
WritebackTmp:          0 kB
CommitLimit:    12039052 kB
Committed_AS:    5615736 kB
VmallocTotal:   34359738367 kB
VmallocUsed:           0 kB
VmallocChunk:          0 kB
HardwareCorrupted:     0 kB
AnonHugePages:         0 kB
ShmemHugePages:        0 kB
ShmemPmdMapped:        0 kB
CmaTotal:              0 kB
CmaFree:               0 kB
HugePages_Total:       0
HugePages_Free:        0
HugePages_Rsvd:        0
HugePages_Surp:        0
Hugepagesize:       2048 kB
DirectMap4k:      256768 kB
DirectMap2M:     8042496 kB

container (cgroup) information:
container_type: cgroupv1
cpu_cpuset_cpus: 0-3
cpu_memory_nodes: 0
active_processor_count: 4
cpu_quota: -1
cpu_period: 100000
cpu_shares: -1
memory_limit_in_bytes: -1
memory_and_swap_limit_in_bytes: -2
memory_soft_limit_in_bytes: -1
memory_usage_in_bytes: 5333598208
memory_max_usage_in_bytes: 0


CPU:total 4 (initial active 4) (4 cores per cpu, 1 threads per core) family 6 model 76 stepping 3, cmov, cx8, fxsr, mmx, sse, sse2, sse3, ssse3, sse4.1, sse4.2, popcnt, aes, clmul, erms, 3dnowpref, tsc, tscinvbit

/proc/cpuinfo:
processor	: 0
vendor_id	: GenuineIntel
cpu family	: 6
model		: 76
model name	: Intel(R) Pentium(R) CPU  N3700  @ 1.60GHz
stepping	: 3
microcode	: 0x368
cpu MHz		: 2400.000
cache size	: 1024 KB
physical id	: 0
siblings	: 4
core id		: 0
cpu cores	: 4
apicid		: 0
initial apicid	: 0
fpu		: yes
fpu_exception	: yes
cpuid level	: 11
wp		: yes
flags		: fpu vme de pse tsc msr pae mce cx8 apic sep mtrr pge mca cmov pat pse36 clflush dts acpi mmx fxsr sse sse2 ss ht tm pbe syscall nx rdtscp lm constant_tsc arch_perfmon pebs bts rep_good nopl xtopology tsc_reliable nonstop_tsc cpuid aperfmperf tsc_known_freq pni pclmulqdq dtes64 monitor ds_cpl vmx est tm2 ssse3 cx16 xtpr pdcm sse4_1 sse4_2 movbe popcnt tsc_deadline_timer aes rdrand lahf_lm 3dnowprefetch epb pti ibrs ibpb stibp tpr_shadow vnmi flexpriority ept vpid tsc_adjust smep erms dtherm ida arat md_clear
bugs		: cpu_meltdown spectre_v1 spectre_v2 mds
bogomips	: 3200.00
clflush size	: 64
cache_alignment	: 64
address sizes	: 36 bits physical, 48 bits virtual
power management:

processor	: 1
vendor_id	: GenuineIntel
cpu family	: 6
model		: 76
model name	: Intel(R) Pentium(R) CPU  N3700  @ 1.60GHz
stepping	: 3
microcode	: 0x368
cpu MHz		: 2400.011
cache size	: 1024 KB
physical id	: 0
siblings	: 4
core id		: 1
cpu cores	: 4
apicid		: 2
initial apicid	: 2
fpu		: yes
fpu_exception	: yes
cpuid level	: 11
wp		: yes
flags		: fpu vme de pse tsc msr pae mce cx8 apic sep mtrr pge mca cmov pat pse36 clflush dts acpi mmx fxsr sse sse2 ss ht tm pbe syscall nx rdtscp lm constant_tsc arch_perfmon pebs bts rep_good nopl xtopology tsc_reliable nonstop_tsc cpuid aperfmperf tsc_known_freq pni pclmulqdq dtes64 monitor ds_cpl vmx est tm2 ssse3 cx16 xtpr pdcm sse4_1 sse4_2 movbe popcnt tsc_deadline_timer aes rdrand lahf_lm 3dnowprefetch epb pti ibrs ibpb stibp tpr_shadow vnmi flexpriority ept vpid tsc_adjust smep erms dtherm ida arat md_clear
bugs		: cpu_meltdown spectre_v1 spectre_v2 mds
bogomips	: 3200.00
clflush size	: 64
cache_alignment	: 64
address sizes	: 36 bits physical, 48 bits virtual
power management:

processor	: 2
vendor_id	: GenuineIntel
cpu family	: 6
model		: 76
model name	: Intel(R) Pentium(R) CPU  N3700  @ 1.60GHz
stepping	: 3
microcode	: 0x368
cpu MHz		: 2400.000
cache size	: 1024 KB
physical id	: 0
siblings	: 4
core id		: 2
cpu cores	: 4
apicid		: 4
initial apicid	: 4
fpu		: yes
fpu_exception	: yes
cpuid level	: 11
wp		: yes
flags		: fpu vme de pse tsc msr pae mce cx8 apic sep mtrr pge mca cmov pat pse36 clflush dts acpi mmx fxsr sse sse2 ss ht tm pbe syscall nx rdtscp lm constant_tsc arch_perfmon pebs bts rep_good nopl xtopology tsc_reliable nonstop_tsc cpuid aperfmperf tsc_known_freq pni pclmulqdq dtes64 monitor ds_cpl vmx est tm2 ssse3 cx16 xtpr pdcm sse4_1 sse4_2 movbe popcnt tsc_deadline_timer aes rdrand lahf_lm 3dnowprefetch epb pti ibrs ibpb stibp tpr_shadow vnmi flexpriority ept vpid tsc_adjust smep erms dtherm ida arat md_clear
bugs		: cpu_meltdown spectre_v1 spectre_v2 mds
bogomips	: 3200.00
clflush size	: 64
cache_alignment	: 64
address sizes	: 36 bits physical, 48 bits virtual
power management:

processor	: 3
vendor_id	: GenuineIntel
cpu family	: 6
model		: 76
model name	: Intel(R) Pentium(R) CPU  N3700  @ 1.60GHz
stepping	: 3
microcode	: 0x368
cpu MHz		: 2399.997
cache size	: 1024 KB
physical id	: 0
siblings	: 4
core id		: 3
cpu cores	: 4
apicid		: 6
initial apicid	: 6
fpu		: yes
fpu_exception	: yes
cpuid level	: 11
wp		: yes
flags		: fpu vme de pse tsc msr pae mce cx8 apic sep mtrr pge mca cmov pat pse36 clflush dts acpi mmx fxsr sse sse2 ss ht tm pbe syscall nx rdtscp lm constant_tsc arch_perfmon pebs bts rep_good nopl xtopology tsc_reliable nonstop_tsc cpuid aperfmperf tsc_known_freq pni pclmulqdq dtes64 monitor ds_cpl vmx est tm2 ssse3 cx16 xtpr pdcm sse4_1 sse4_2 movbe popcnt tsc_deadline_timer aes rdrand lahf_lm 3dnowprefetch epb pti ibrs ibpb stibp tpr_shadow vnmi flexpriority ept vpid tsc_adjust smep erms dtherm ida arat md_clear
bugs		: cpu_meltdown spectre_v1 spectre_v2 mds
bogomips	: 3200.00
clflush size	: 64
cache_alignment	: 64
address sizes	: 36 bits physical, 48 bits virtual
power management:



Memory: 4k page, physical 8079140k(2518324k free), swap 7999484k(7999484k free)

vm_info: OpenJDK 64-Bit Server VM (25.212-b03) for linux-amd64 JRE (1.8.0_212-8u212-b03-0ubuntu1.16.04.1-b03), built on Apr 26 2019 02:02:50 by "buildd" with gcc 5.4.0 20160609

time: Mon Jun 17 23:11:35 2019
timezone: -04
elapsed time: 101392 seconds (1d 4h 9m 52s)

