#
# A fatal error has been detected by the Java Runtime Environment:
#
#  SIGSEGV (0xb) at pc=0x00007f02e90697fa, pid=10752, tid=0x00007f02ae0d4700
#
# JRE version: OpenJDK Runtime Environment (8.0_212-b03) (build 1.8.0_212-8u212-b03-0ubuntu1.16.04.1-b03)
# Java VM: OpenJDK 64-Bit Server VM (25.212-b03 mixed mode linux-amd64 compressed oops)
# Problematic frame:
# v  ~BufferBlob::jni_fast_GetLongField
#
# Failed to write core dump. Core dumps have been disabled. To enable core dumping, try "ulimit -c unlimited" before starting Java again
#
# If you would like to submit a bug report, please visit:
#   http://bugreport.java.com/bugreport/crash.jsp
# The crash happened outside the Java Virtual Machine in native code.
# See problematic frame for where to report the bug.
#

---------------  T H R E A D  ---------------

Current thread (0x00007f02f82a0000):  JavaThread "AWT-XAWT" daemon [_thread_in_native, id=10773, stack(0x00007f02adfd4000,0x00007f02ae0d5000)]

siginfo: si_signo: 11 (SIGSEGV), si_code: 1 (SEGV_MAPERR), si_addr: 0x0000000000000000

Registers:
RAX=0x00007f03013e31a0, RBX=0x00007f02f82a01e0, RCX=0x0000000000000001, RDX=0x0000000000000042
RSP=0x00007f02ae0d3718, RBP=0x00007f02ae0d3740, RSI=0x0000000000000000, RDI=0x00007f02f82a01e0
R8 =0x0000000000000320, R9 =0x0000000000000000, R10=0x000000000000002a, R11=0x00000000d74dd020
R12=0x00007f02944d0450, R13=0x0000000000000000, R14=0x00007f02affff380, R15=0x00007f02f82a0000
RIP=0x00007f02e90697fa, EFLAGS=0x0000000000010246, CSGSFS=0x002b000000000033, ERR=0x0000000000000004
  TRAPNO=0x000000000000000e

Top of Stack: (sp=0x00007f02ae0d3718)
0x00007f02ae0d3718:   00007f02afdd54c4 00007f02acf62e48
0x00007f02ae0d3728:   00007f02944d0450 00007f02e9365384
0x00007f02ae0d3738:   00007f02ae0d37c0 0000000000000000
0x00007f02ae0d3748:   00007f02af8b8420 00007f02acf62e48
0x00007f02ae0d3758:   00007f02ae0d3780 0000000000000000
0x00007f02ae0d3768:   00007f02af8afff3 00007f02e9365384
0x00007f02ae0d3778:   00007f02afdcd62f 00007f02ae0d37d0
0x00007f02ae0d3788:   00007f02e936ad36 00000000d70fd360
0x00007f02ae0d3798:   00000000d70a85c0 00000000d7090390
0x00007f02ae0d37a8:   00000000d7168c88 00000000d7bb9908
0x00007f02ae0d37b8:   00000000d7168cc8 00000000d70a9318
0x00007f02ae0d37c8:   00000000000001f4 00007f02ae0d3a10
0x00007f02ae0d37d8:   00007f02e93ae79c 0000000000000059
0x00007f02ae0d37e8:   00007f02fd64f0e0 00007f02c4011668
0x00007f02ae0d37f8:   00007f02a0000020 0000000000000040
0x00007f02ae0d3808:   0000000000000000 0000000000000004
0x00007f02ae0d3818:   00007f02ae0d38c0 0000000000000040
0x00007f02ae0d3828:   00007f0301aeb184 00007f02fd64f0e0
0x00007f02ae0d3838:   0000000000000040 00007f02ae0d3880
0x00007f02ae0d3848:   f3de324f25a44900 00007f02ae0d3940
0x00007f02ae0d3858:   0000000000000008 00007f02ae0d3890
0x00007f02ae0d3868:   0000000000000008 00007f02ae0d38c0
0x00007f02ae0d3878:   0000000000000040 00007f02ae0d3920
0x00007f02ae0d3888:   00007f0300e5262d 00007f02ae0d3940
0x00007f02ae0d3898:   00000000e902146b 00007f02e9005310
0x00007f02ae0d38a8:   00000000d7119b88 00000000d70e92e0
0x00007f02ae0d38b8:   00000000d7119b88 0000000000000000
0x00007f02ae0d38c8:   00000000d70e92e0 00000000d70e92e0
0x00007f02ae0d38d8:   00000000d7119b88 00000000d7119b88
0x00007f02ae0d38e8:   00000000d70e92e0 0000000000000000
0x00007f02ae0d38f8:   00000000d70e8b98 00000000d6e6dac8
0x00007f02ae0d3908:   00000000d6e0a5f0 00007f02a0000e30 

Instructions: (pc=0x00007f02e90697fa)
0x00007f02e90697da:   00 00 00 00 00 00 44 8b 15 b5 66 3a 18 4c 8b ce
0x00007f02e90697ea:   41 f6 c2 01 0f 85 2e 00 00 00 4d 33 ca 4d 33 ca
0x00007f02e90697fa:   4d 8b 09 4c 8b da 49 c1 eb 02 4b 8b 04 19 49 bb
0x00007f02e906980a:   9c fe 40 01 03 7f 00 00 4c 33 d8 4c 33 d8 45 3b 

Register to memory mapping:

RAX=0x00007f03013e31a0: <offset 0xf071a0> in /usr/lib/jvm/java-8-openjdk-amd64/jre/lib/amd64/server/libjvm.so at 0x00007f03004dc000
RBX=0x00007f02f82a01e0 is an unknown value
RCX=0x0000000000000001 is an unknown value
RDX=0x0000000000000042 is an unknown value
RSP=0x00007f02ae0d3718 is pointing into the stack for thread: 0x00007f02f82a0000
RBP=0x00007f02ae0d3740 is pointing into the stack for thread: 0x00007f02f82a0000
RSI=0x0000000000000000 is an unknown value
RDI=0x00007f02f82a01e0 is an unknown value
R8 =0x0000000000000320 is an unknown value
R9 =0x0000000000000000 is an unknown value
R10=0x000000000000002a is an unknown value
R11=0x00000000d74dd020 is an oop
java.util.logging.Logger 
 - klass: 'java/util/logging/Logger'
R12=0x00007f02944d0450 is an unknown value
R13=0x0000000000000000 is an unknown value
R14=0x00007f02affff380: <offset 0x25f380> in /usr/lib/jvm/java-8-openjdk-amd64/jre/lib/amd64/libawt_xawt.so at 0x00007f02afda0000
R15=0x00007f02f82a0000 is a thread


Stack: [0x00007f02adfd4000,0x00007f02ae0d5000],  sp=0x00007f02ae0d3718,  free space=1021k
Native frames: (J=compiled Java code, j=interpreted, Vv=VM code, C=native code)
v  ~BufferBlob::jni_fast_GetLongField
C  [libX11.so.6+0x64420]  _XimServerDestroy+0x70

Java frames: (J=compiled Java code, j=interpreted, Vv=VM code)
J 1050  sun.awt.X11.XlibWrapper.XFilterEvent(JJ)Z (0 bytes) @ 0x00007f02e936acc4 [0x00007f02e936ac80+0x44]
J 1067% C1 sun.awt.X11.XToolkit.run(Z)V (410 bytes) @ 0x00007f02e93ae79c [0x00007f02e93ab080+0x371c]
j  sun.awt.X11.XToolkit.run()V+5
j  java.lang.Thread.run()V+11
v  ~StubRoutines::call_stub

---------------  P R O C E S S  ---------------

Java Threads: ( => current thread )
  0x00007f02c0002800 JavaThread "SIGHUP handler" daemon [_thread_blocked, id=27011, stack(0x00007f02acb80000,0x00007f02acc81000)]
  0x00007f02c0001000 JavaThread "SIGTERM handler" daemon [_thread_blocked, id=27000, stack(0x00007f02acc81000,0x00007f02acd82000)]
  0x00007f0294466800 JavaThread "oracle.jdbc.driver.BlockSource.ThreadedCachingBlockSource.BlockReleaser" daemon [_thread_blocked, id=10776, stack(0x00007f02ad182000,0x00007f02ad283000)]
  0x00007f02f800a800 JavaThread "DestroyJavaVM" [_thread_blocked, id=10754, stack(0x00007f030213c000,0x00007f030223d000)]
  0x00007f02f8327000 JavaThread "AWT-EventQueue-0" [_thread_blocked, id=10775, stack(0x00007f02ad9a8000,0x00007f02adaa9000)]
  0x00007f02f8325800 JavaThread "AWT-Shutdown" [_thread_blocked, id=10774, stack(0x00007f02adaa9000,0x00007f02adbaa000)]
=>0x00007f02f82a0000 JavaThread "AWT-XAWT" daemon [_thread_in_native, id=10773, stack(0x00007f02adfd4000,0x00007f02ae0d5000)]
  0x00007f02f827f800 JavaThread "Java2D Disposer" daemon [_thread_blocked, id=10772, stack(0x00007f02e406c000,0x00007f02e416d000)]
  0x00007f02f80c1000 JavaThread "Service Thread" daemon [_thread_blocked, id=10770, stack(0x00007f02e453e000,0x00007f02e463f000)]
  0x00007f02f80be000 JavaThread "C1 CompilerThread2" daemon [_thread_blocked, id=10769, stack(0x00007f02e463f000,0x00007f02e4740000)]
  0x00007f02f80bc800 JavaThread "C2 CompilerThread1" daemon [_thread_blocked, id=10768, stack(0x00007f02e4740000,0x00007f02e4841000)]
  0x00007f02f80b9800 JavaThread "C2 CompilerThread0" daemon [_thread_blocked, id=10767, stack(0x00007f02e4841000,0x00007f02e4942000)]
  0x00007f02f80b8000 JavaThread "Signal Dispatcher" daemon [_thread_blocked, id=10766, stack(0x00007f02e4942000,0x00007f02e4a43000)]
  0x00007f02f8084800 JavaThread "Finalizer" daemon [_thread_blocked, id=10765, stack(0x00007f02e4e4c000,0x00007f02e4f4d000)]
  0x00007f02f8082000 JavaThread "Reference Handler" daemon [_thread_blocked, id=10764, stack(0x00007f02e4f4d000,0x00007f02e504e000)]

Other Threads:
  0x00007f02f8078000 VMThread [stack: 0x00007f02e504e000,0x00007f02e514f000] [id=10763]
  0x00007f02f80c3800 WatcherThread [stack: 0x00007f02e443d000,0x00007f02e453e000] [id=10771]

VM state:not at safepoint (normal execution)

VM Mutex/Monitor currently owned by a thread:  ([mutex/lock_event])
[0x00007f02f80070d0] Threads_lock - owner thread: 0x00007f02c0001000

heap address: 0x0000000084a00000, size: 1974 MB, Compressed Oops mode: 32-bit
Narrow klass base: 0x0000000000000000, Narrow klass shift: 3
Compressed class space size: 1073741824 Address: 0x0000000100000000

Heap:
 PSYoungGen      total 36864K, used 19263K [0x00000000d6e00000, 0x00000000d9700000, 0x0000000100000000)
  eden space 31744K, 60% used [0x00000000d6e00000,0x00000000d80cfe78,0x00000000d8d00000)
  from space 5120K, 0% used [0x00000000d9200000,0x00000000d9200000,0x00000000d9700000)
  to   space 5120K, 0% used [0x00000000d8d00000,0x00000000d8d00000,0x00000000d9200000)
 ParOldGen       total 84992K, used 0K [0x0000000084a00000, 0x0000000089d00000, 0x00000000d6e00000)
  object space 84992K, 0% used [0x0000000084a00000,0x0000000084a00000,0x0000000089d00000)
 Metaspace       used 18480K, capacity 18686K, committed 18816K, reserved 1064960K
  class space    used 2319K, capacity 2417K, committed 2432K, reserved 1048576K

Card table byte_map: [0x00007f02fe40f000,0x00007f02fe7eb000] byte_map_base: 0x00007f02fdfea000

Marking Bits: (ParMarkBitMap*) 0x00007f030140f580
 Begin Bits: [0x00007f02e5250000, 0x00007f02e7128000)
 End Bits:   [0x00007f02e7128000, 0x00007f02e9000000)

Polling page: 0x00007f0302262000

CodeCache: size=245760Kb used=3807Kb max_used=3829Kb free=241952Kb
 bounds [0x00007f02e9000000, 0x00007f02e93d0000, 0x00007f02f8000000]
 total_blobs=1661 nmethods=1069 adapters=507
 compilation: enabled

Compilation events (10 events):
Event: 50276,674 Thread 0x00007f02f80b9800 1065 % !   4       sun.awt.X11.XToolkit::run @ 59 (410 bytes)
Event: 50276,732 Thread 0x00007f02f80b9800 nmethod 1065% 0x00007f02e93a7450 code [0x00007f02e93a79a0, 0x00007f02e93a8ce0]
Event: 74818,626 Thread 0x00007f02f80be000 1067 % !   3       sun.awt.X11.XToolkit::run @ 59 (410 bytes)
Event: 74818,653 Thread 0x00007f02f80be000 nmethod 1067% 0x00007f02e93aa6d0 code [0x00007f02e93ab080, 0x00007f02e93b2978]
Event: 76801,536 Thread 0x00007f02f80be000 1069   !   3       oracle.jdbc.driver.BlockSource$ThreadedCachingBlockSource::releaseFromAllSources (71 bytes)
Event: 76801,542 Thread 0x00007f02f80be000 nmethod 1069 0x00007f02e93a5c10 code [0x00007f02e93a5e60, 0x00007f02e93a6c18]
Event: 76801,542 Thread 0x00007f02f80be000 1068       3       oracle.jdbc.driver.BlockSource$ThreadedCachingBlockSource::access$100 (4 bytes)
Event: 76801,543 Thread 0x00007f02f80be000 nmethod 1068 0x00007f02e9382790 code [0x00007f02e9382900, 0x00007f02e9382a68]
Event: 98403,800 Thread 0x00007f02f80b9800 1070 % !   4       sun.awt.X11.XToolkit::run @ 59 (410 bytes)
Event: 98403,942 Thread 0x00007f02f80b9800 nmethod 1070% 0x00007f02e93bb890 code [0x00007f02e93bbf60, 0x00007f02e93be950]

GC Heap History (0 events):
No events

Deoptimization events (10 events):
Event: 1,720 Thread 0x00007f02f8327000 Uncommon trap: reason=unstable_if action=reinterpret pc=0x00007f02e9203ac4 method=java.util.HashMap.putVal(ILjava/lang/Object;Ljava/lang/Object;ZZ)Ljava/lang/Object; @ 109
Event: 1,720 Thread 0x00007f02f8327000 Uncommon trap: reason=unstable_if action=reinterpret pc=0x00007f02e9200604 method=java.util.HashMap.putVal(ILjava/lang/Object;Ljava/lang/Object;ZZ)Ljava/lang/Object; @ 109
Event: 2,509 Thread 0x00007f02f8327000 Uncommon trap: reason=class_check action=maybe_recompile pc=0x00007f02e9162c68 method=java.lang.String.equals(Ljava/lang/Object;)Z @ 8
Event: 2,509 Thread 0x00007f02f8327000 Uncommon trap: reason=class_check action=maybe_recompile pc=0x00007f02e9162c68 method=java.lang.String.equals(Ljava/lang/Object;)Z @ 8
Event: 2,509 Thread 0x00007f02f8327000 Uncommon trap: reason=class_check action=maybe_recompile pc=0x00007f02e9162c68 method=java.lang.String.equals(Ljava/lang/Object;)Z @ 8
Event: 2,788 Thread 0x00007f02f8327000 Uncommon trap: reason=unstable_if action=reinterpret pc=0x00007f02e9306d50 method=javax.swing.plaf.nimbus.DerivedColor.equals(Ljava/lang/Object;)Z @ 45
Event: 2,788 Thread 0x00007f02f8327000 Uncommon trap: reason=unstable_if action=reinterpret pc=0x00007f02e930373c method=javax.swing.plaf.nimbus.DerivedColor.equals(Ljava/lang/Object;)Z @ 45
Event: 2,811 Thread 0x00007f02f8327000 Uncommon trap: reason=unstable_if action=reinterpret pc=0x00007f02e923cd60 method=sun.nio.cs.UTF_8$Encoder.encode([CII[B)I @ 33
Event: 2,908 Thread 0x00007f02f8327000 Uncommon trap: reason=class_check action=maybe_recompile pc=0x00007f02e9162c68 method=java.lang.String.equals(Ljava/lang/Object;)Z @ 8
Event: 74307,782 Thread 0x00007f02f82a0000 Uncommon trap: reason=unstable_if action=reinterpret pc=0x00007f02e93a7cb4 method=sun.awt.X11.XToolkit.run(Z)V @ 66

Classes redefined (0 events):
No events

Internal exceptions (10 events):
Event: 1,076 Thread 0x00007f02f8327000 Exception <a 'java/lang/ArrayIndexOutOfBoundsException'> (0x00000000d75644c0) thrown at [/build/openjdk-8-lHVHKD/openjdk-8-8u212-b03/src/hotspot/src/share/vm/runtime/sharedRuntime.cpp, line 605]
Event: 1,097 Thread 0x00007f02f8327000 Exception <a 'java/lang/ArrayIndexOutOfBoundsException'> (0x00000000d758be28) thrown at [/build/openjdk-8-lHVHKD/openjdk-8-8u212-b03/src/hotspot/src/share/vm/runtime/sharedRuntime.cpp, line 605]
Event: 1,098 Thread 0x00007f02f8327000 Exception <a 'java/lang/ArrayIndexOutOfBoundsException'> (0x00000000d758d090) thrown at [/build/openjdk-8-lHVHKD/openjdk-8-8u212-b03/src/hotspot/src/share/vm/runtime/sharedRuntime.cpp, line 605]
Event: 1,099 Thread 0x00007f02f8327000 Exception <a 'java/lang/ArrayIndexOutOfBoundsException'> (0x00000000d758e628) thrown at [/build/openjdk-8-lHVHKD/openjdk-8-8u212-b03/src/hotspot/src/share/vm/runtime/sharedRuntime.cpp, line 605]
Event: 1,118 Thread 0x00007f02f8327000 Exception <a 'java/lang/ArrayIndexOutOfBoundsException'> (0x00000000d75b4850) thrown at [/build/openjdk-8-lHVHKD/openjdk-8-8u212-b03/src/hotspot/src/share/vm/runtime/sharedRuntime.cpp, line 605]
Event: 1,127 Thread 0x00007f02f8327000 Exception <a 'java/lang/ArrayIndexOutOfBoundsException'> (0x00000000d75c2c40) thrown at [/build/openjdk-8-lHVHKD/openjdk-8-8u212-b03/src/hotspot/src/share/vm/runtime/sharedRuntime.cpp, line 605]
Event: 1,204 Thread 0x00007f02f8327000 Exception <a 'java/lang/NoClassDefFoundError': oracle/security/pki/OraclePKIProvider> (0x00000000d76e8e40) thrown at [/build/openjdk-8-lHVHKD/openjdk-8-8u212-b03/src/hotspot/src/share/vm/classfile/systemDictionary.cpp, line 199]
Event: 1,464 Thread 0x00007f02f8327000 Exception <a 'java/net/ConnectException'> (0x00000000d7b259b0) thrown at [/build/openjdk-8-lHVHKD/openjdk-8-8u212-b03/src/hotspot/src/share/vm/prims/jni.cpp, line 710]
Event: 1,877 Thread 0x00007f02f8327000 Exception <a 'java/lang/UnsupportedOperationException': > (0x00000000d7c20bb0) thrown at [/build/openjdk-8-lHVHKD/openjdk-8-8u212-b03/src/hotspot/src/share/vm/prims/jni.cpp, line 736]
Event: 2,915 Thread 0x00007f02f8327000 Exception <a 'java/lang/RuntimeException'> (0x00000000d7d78770) thrown at [/build/openjdk-8-lHVHKD/openjdk-8-8u212-b03/src/hotspot/src/share/vm/prims/jvm.cpp, line 1506]

Events (10 events):
Event: 2,926 loading class javax/swing/event/AncestorEvent
Event: 2,926 loading class javax/swing/event/AncestorEvent done
Event: 4,164 Executing VM operation: EnableBiasedLocking
Event: 4,164 Executing VM operation: EnableBiasedLocking done
Event: 54380,299 Thread 0x00007f02f82a0000 DEOPT PACKING pc=0x00007f02e93924d3 sp=0x00007f02ae0d37e0
Event: 54380,299 Thread 0x00007f02f82a0000 DEOPT UNPACKING pc=0x00007f02e90470c4 sp=0x00007f02ae0d36a0 mode 0
Event: 74307,782 Thread 0x00007f02f82a0000 Uncommon trap: trap_request=0xffffff65 fr.pc=0x00007f02e93a7cb4
Event: 74307,782 Thread 0x00007f02f82a0000 DEOPT PACKING pc=0x00007f02e93a7cb4 sp=0x00007f02ae0d3970
Event: 74307,782 Thread 0x00007f02f82a0000 DEOPT UNPACKING pc=0x00007f02e904547a sp=0x00007f02ae0d3928 mode 2
Event: 100080,589 loading class sun/misc/Signal$1


Dynamic libraries:
00400000-00401000 r-xp 00000000 08:01 666342                             /usr/lib/jvm/java-8-openjdk-amd64/jre/bin/java
00600000-00601000 r--p 00000000 08:01 666342                             /usr/lib/jvm/java-8-openjdk-amd64/jre/bin/java
00601000-00602000 rw-p 00001000 08:01 666342                             /usr/lib/jvm/java-8-openjdk-amd64/jre/bin/java
019bd000-019de000 rw-p 00000000 00:00 0                                  [heap]
84a00000-89d00000 rw-p 00000000 00:00 0 
89d00000-d6e00000 ---p 00000000 00:00 0 
d6e00000-d9700000 rw-p 00000000 00:00 0 
d9700000-100000000 ---p 00000000 00:00 0 
100000000-100260000 rw-p 00000000 00:00 0 
100260000-140000000 ---p 00000000 00:00 0 
7f027c000000-7f027c021000 rw-p 00000000 00:00 0 
7f027c021000-7f0280000000 ---p 00000000 00:00 0 
7f0284000000-7f0284021000 rw-p 00000000 00:00 0 
7f0284021000-7f0288000000 ---p 00000000 00:00 0 
7f0288000000-7f0288021000 rw-p 00000000 00:00 0 
7f0288021000-7f028c000000 ---p 00000000 00:00 0 
7f028c000000-7f028c021000 rw-p 00000000 00:00 0 
7f028c021000-7f0290000000 ---p 00000000 00:00 0 
7f0290000000-7f0290021000 rw-p 00000000 00:00 0 
7f0290021000-7f0294000000 ---p 00000000 00:00 0 
7f0294000000-7f0294517000 rw-p 00000000 00:00 0 
7f0294517000-7f0298000000 ---p 00000000 00:00 0 
7f0298000000-7f0298021000 rw-p 00000000 00:00 0 
7f0298021000-7f029c000000 ---p 00000000 00:00 0 
7f029c000000-7f029c021000 rw-p 00000000 00:00 0 
7f029c021000-7f02a0000000 ---p 00000000 00:00 0 
7f02a0000000-7f02a0021000 rw-p 00000000 00:00 0 
7f02a0021000-7f02a4000000 ---p 00000000 00:00 0 
7f02a4fff000-7f02a8000000 rw-p 00000000 00:00 0 
7f02a8000000-7f02a8021000 rw-p 00000000 00:00 0 
7f02a8021000-7f02ac000000 ---p 00000000 00:00 0 
7f02ac87d000-7f02ac880000 ---p 00000000 00:00 0 
7f02ac880000-7f02ac97e000 rw-p 00000000 00:00 0 
7f02ac97e000-7f02ac981000 ---p 00000000 00:00 0 
7f02ac981000-7f02aca7f000 rw-p 00000000 00:00 0 
7f02aca7f000-7f02aca82000 ---p 00000000 00:00 0 
7f02aca82000-7f02acb80000 rw-p 00000000 00:00 0 
7f02acb80000-7f02acb83000 ---p 00000000 00:00 0 
7f02acb83000-7f02acc81000 rw-p 00000000 00:00 0 
7f02acc81000-7f02acc84000 ---p 00000000 00:00 0 
7f02acc84000-7f02acf82000 rw-p 00000000 00:00 0 
7f02acf82000-7f02ad182000 rw-p 00000000 00:00 0 
7f02ad182000-7f02ad185000 ---p 00000000 00:00 0 
7f02ad185000-7f02ad483000 rw-p 00000000 00:00 0 
7f02ad4e2000-7f02ad4eb000 r-xp 00000000 08:01 667192                     /usr/lib/jvm/java-8-openjdk-amd64/jre/lib/amd64/libmanagement.so
7f02ad4eb000-7f02ad6ea000 ---p 00009000 08:01 667192                     /usr/lib/jvm/java-8-openjdk-amd64/jre/lib/amd64/libmanagement.so
7f02ad6ea000-7f02ad6eb000 r--p 00008000 08:01 667192                     /usr/lib/jvm/java-8-openjdk-amd64/jre/lib/amd64/libmanagement.so
7f02ad6eb000-7f02ad6ec000 rw-p 00009000 08:01 667192                     /usr/lib/jvm/java-8-openjdk-amd64/jre/lib/amd64/libmanagement.so
7f02ad6ec000-7f02ad8ec000 rw-p 00000000 00:00 0 
7f02ad8ec000-7f02ad8f7000 r--s 00000000 08:01 927385                     /var/cache/fontconfig/945677eb7aeaf62f1d50efc3fb3ec7d8-le64.cache-6
7f02ad8f7000-7f02ad900000 r--s 00000000 08:01 931352                     /var/cache/fontconfig/a6d8cf8e4ec09cdbc8633c31745a07dd-le64.cache-6
7f02ad900000-7f02ad915000 r--s 00000000 08:01 927361                     /var/cache/fontconfig/04aabc0a78ac019cf9454389977116d2-le64.cache-6
7f02ad915000-7f02ad950000 r--s 00000000 08:01 919342                     /var/cache/fontconfig/365b55f210c0a22e9a19e35191240f32-le64.cache-6
7f02ad9a8000-7f02ad9ab000 ---p 00000000 00:00 0 
7f02ad9ab000-7f02adaa9000 rw-p 00000000 00:00 0 
7f02adaa9000-7f02adaac000 ---p 00000000 00:00 0 
7f02adaac000-7f02adbaa000 rw-p 00000000 00:00 0 
7f02adbaa000-7f02adbbb000 r-xp 00000000 08:01 667184                     /usr/lib/jvm/java-8-openjdk-amd64/jre/lib/amd64/libnio.so
7f02adbbb000-7f02addba000 ---p 00011000 08:01 667184                     /usr/lib/jvm/java-8-openjdk-amd64/jre/lib/amd64/libnio.so
7f02addba000-7f02addbb000 r--p 00010000 08:01 667184                     /usr/lib/jvm/java-8-openjdk-amd64/jre/lib/amd64/libnio.so
7f02addbb000-7f02addbc000 rw-p 00011000 08:01 667184                     /usr/lib/jvm/java-8-openjdk-amd64/jre/lib/amd64/libnio.so
7f02addbc000-7f02addd2000 r-xp 00000000 08:01 667220                     /usr/lib/jvm/java-8-openjdk-amd64/jre/lib/amd64/libnet.so
7f02addd2000-7f02adfd2000 ---p 00016000 08:01 667220                     /usr/lib/jvm/java-8-openjdk-amd64/jre/lib/amd64/libnet.so
7f02adfd2000-7f02adfd3000 r--p 00016000 08:01 667220                     /usr/lib/jvm/java-8-openjdk-amd64/jre/lib/amd64/libnet.so
7f02adfd3000-7f02adfd4000 rw-p 00017000 08:01 667220                     /usr/lib/jvm/java-8-openjdk-amd64/jre/lib/amd64/libnet.so
7f02adfd4000-7f02adfd7000 ---p 00000000 00:00 0 
7f02adfd7000-7f02ae0d5000 rw-p 00000000 00:00 0 
7f02ae0d5000-7f02ae0da000 r-xp 00000000 08:01 664983                     /usr/lib/x86_64-linux-gnu/libXfixes.so.3.1.0
7f02ae0da000-7f02ae2d9000 ---p 00005000 08:01 664983                     /usr/lib/x86_64-linux-gnu/libXfixes.so.3.1.0
7f02ae2d9000-7f02ae2da000 r--p 00004000 08:01 664983                     /usr/lib/x86_64-linux-gnu/libXfixes.so.3.1.0
7f02ae2da000-7f02ae2db000 rw-p 00005000 08:01 664983                     /usr/lib/x86_64-linux-gnu/libXfixes.so.3.1.0
7f02ae2db000-7f02ae2e4000 r-xp 00000000 08:01 660206                     /usr/lib/x86_64-linux-gnu/libXcursor.so.1.0.2
7f02ae2e4000-7f02ae4e3000 ---p 00009000 08:01 660206                     /usr/lib/x86_64-linux-gnu/libXcursor.so.1.0.2
7f02ae4e3000-7f02ae4e4000 r--p 00008000 08:01 660206                     /usr/lib/x86_64-linux-gnu/libXcursor.so.1.0.2
7f02ae4e4000-7f02ae4e5000 rw-p 00009000 08:01 660206                     /usr/lib/x86_64-linux-gnu/libXcursor.so.1.0.2
7f02ae4e5000-7f02ae509000 r-xp 00000000 08:01 2496012                    /lib/x86_64-linux-gnu/libpng12.so.0.54.0
7f02ae509000-7f02ae708000 ---p 00024000 08:01 2496012                    /lib/x86_64-linux-gnu/libpng12.so.0.54.0
7f02ae708000-7f02ae709000 r--p 00023000 08:01 2496012                    /lib/x86_64-linux-gnu/libpng12.so.0.54.0
7f02ae709000-7f02ae70a000 rw-p 00024000 08:01 2496012                    /lib/x86_64-linux-gnu/libpng12.so.0.54.0
7f02ae70a000-7f02ae7ae000 r-xp 00000000 08:01 665406                     /usr/lib/x86_64-linux-gnu/libfreetype.so.6.12.1
7f02ae7ae000-7f02ae9ad000 ---p 000a4000 08:01 665406                     /usr/lib/x86_64-linux-gnu/libfreetype.so.6.12.1
7f02ae9ad000-7f02ae9b3000 r--p 000a3000 08:01 665406                     /usr/lib/x86_64-linux-gnu/libfreetype.so.6.12.1
7f02ae9b3000-7f02ae9b4000 rw-p 000a9000 08:01 665406                     /usr/lib/x86_64-linux-gnu/libfreetype.so.6.12.1
7f02ae9b4000-7f02aea05000 r-xp 00000000 08:01 667209                     /usr/lib/jvm/java-8-openjdk-amd64/jre/lib/amd64/libfontmanager.so
7f02aea05000-7f02aec05000 ---p 00051000 08:01 667209                     /usr/lib/jvm/java-8-openjdk-amd64/jre/lib/amd64/libfontmanager.so
7f02aec05000-7f02aec07000 r--p 00051000 08:01 667209                     /usr/lib/jvm/java-8-openjdk-amd64/jre/lib/amd64/libfontmanager.so
7f02aec07000-7f02aec08000 rw-p 00053000 08:01 667209                     /usr/lib/jvm/java-8-openjdk-amd64/jre/lib/amd64/libfontmanager.so
7f02aec08000-7f02aec0d000 r-xp 00000000 08:01 664979                     /usr/lib/x86_64-linux-gnu/libXdmcp.so.6.0.0
7f02aec0d000-7f02aee0c000 ---p 00005000 08:01 664979                     /usr/lib/x86_64-linux-gnu/libXdmcp.so.6.0.0
7f02aee0c000-7f02aee0d000 r--p 00004000 08:01 664979                     /usr/lib/x86_64-linux-gnu/libXdmcp.so.6.0.0
7f02aee0d000-7f02aee0e000 rw-p 00005000 08:01 664979                     /usr/lib/x86_64-linux-gnu/libXdmcp.so.6.0.0
7f02aee0e000-7f02aee10000 r-xp 00000000 08:01 664968                     /usr/lib/x86_64-linux-gnu/libXau.so.6.0.0
7f02aee10000-7f02af010000 ---p 00002000 08:01 664968                     /usr/lib/x86_64-linux-gnu/libXau.so.6.0.0
7f02af010000-7f02af011000 r--p 00002000 08:01 664968                     /usr/lib/x86_64-linux-gnu/libXau.so.6.0.0
7f02af011000-7f02af012000 rw-p 00003000 08:01 664968                     /usr/lib/x86_64-linux-gnu/libXau.so.6.0.0
7f02af012000-7f02af033000 r-xp 00000000 08:01 666392                     /usr/lib/x86_64-linux-gnu/libxcb.so.1.1.0
7f02af033000-7f02af232000 ---p 00021000 08:01 666392                     /usr/lib/x86_64-linux-gnu/libxcb.so.1.1.0
7f02af232000-7f02af233000 r--p 00020000 08:01 666392                     /usr/lib/x86_64-linux-gnu/libxcb.so.1.1.0
7f02af233000-7f02af234000 rw-p 00021000 08:01 666392                     /usr/lib/x86_64-linux-gnu/libxcb.so.1.1.0
7f02af234000-7f02af243000 r-xp 00000000 08:01 664991                     /usr/lib/x86_64-linux-gnu/libXi.so.6.1.0
7f02af243000-7f02af442000 ---p 0000f000 08:01 664991                     /usr/lib/x86_64-linux-gnu/libXi.so.6.1.0
7f02af442000-7f02af443000 r--p 0000e000 08:01 664991                     /usr/lib/x86_64-linux-gnu/libXi.so.6.1.0
7f02af443000-7f02af444000 rw-p 0000f000 08:01 664991                     /usr/lib/x86_64-linux-gnu/libXi.so.6.1.0
7f02af444000-7f02af449000 r-xp 00000000 08:01 665009                     /usr/lib/x86_64-linux-gnu/libXtst.so.6.1.0
7f02af449000-7f02af648000 ---p 00005000 08:01 665009                     /usr/lib/x86_64-linux-gnu/libXtst.so.6.1.0
7f02af648000-7f02af649000 r--p 00004000 08:01 665009                     /usr/lib/x86_64-linux-gnu/libXtst.so.6.1.0
7f02af649000-7f02af64a000 rw-p 00005000 08:01 665009                     /usr/lib/x86_64-linux-gnu/libXtst.so.6.1.0
7f02af64a000-7f02af653000 r-xp 00000000 08:01 665003                     /usr/lib/x86_64-linux-gnu/libXrender.so.1.3.0
7f02af653000-7f02af852000 ---p 00009000 08:01 665003                     /usr/lib/x86_64-linux-gnu/libXrender.so.1.3.0
7f02af852000-7f02af853000 r--p 00008000 08:01 665003                     /usr/lib/x86_64-linux-gnu/libXrender.so.1.3.0
7f02af853000-7f02af854000 rw-p 00009000 08:01 665003                     /usr/lib/x86_64-linux-gnu/libXrender.so.1.3.0
7f02af854000-7f02af989000 r-xp 00000000 08:01 656800                     /usr/lib/x86_64-linux-gnu/libX11.so.6.3.0
7f02af989000-7f02afb89000 ---p 00135000 08:01 656800                     /usr/lib/x86_64-linux-gnu/libX11.so.6.3.0
7f02afb89000-7f02afb8a000 r--p 00135000 08:01 656800                     /usr/lib/x86_64-linux-gnu/libX11.so.6.3.0
7f02afb8a000-7f02afb8e000 rw-p 00136000 08:01 656800                     /usr/lib/x86_64-linux-gnu/libX11.so.6.3.0
7f02afb8e000-7f02afb9f000 r-xp 00000000 08:01 664981                     /usr/lib/x86_64-linux-gnu/libXext.so.6.4.0
7f02afb9f000-7f02afd9e000 ---p 00011000 08:01 664981                     /usr/lib/x86_64-linux-gnu/libXext.so.6.4.0
7f02afd9e000-7f02afd9f000 r--p 00010000 08:01 664981                     /usr/lib/x86_64-linux-gnu/libXext.so.6.4.0
7f02afd9f000-7f02afda0000 rw-p 00011000 08:01 664981                     /usr/lib/x86_64-linux-gnu/libXext.so.6.4.0
7f02afda0000-7f02afdfb000 r-xp 00000000 08:01 667178                     /usr/lib/jvm/java-8-openjdk-amd64/jre/lib/amd64/libawt_xawt.so
7f02afdfb000-7f02afffa000 ---p 0005b000 08:01 667178                     /usr/lib/jvm/java-8-openjdk-amd64/jre/lib/amd64/libawt_xawt.so
7f02afffa000-7f02afffb000 r--p 0005a000 08:01 667178                     /usr/lib/jvm/java-8-openjdk-amd64/jre/lib/amd64/libawt_xawt.so
7f02afffb000-7f02afffe000 rw-p 0005b000 08:01 667178                     /usr/lib/jvm/java-8-openjdk-amd64/jre/lib/amd64/libawt_xawt.so
7f02afffe000-7f02b0000000 rw-p 00000000 00:00 0 
7f02b0000000-7f02b0021000 rw-p 00000000 00:00 0 
7f02b0021000-7f02b4000000 ---p 00000000 00:00 0 
7f02b4000000-7f02b4021000 rw-p 00000000 00:00 0 
7f02b4021000-7f02b8000000 ---p 00000000 00:00 0 
7f02b8000000-7f02b815b000 rw-p 00000000 00:00 0 
7f02b815b000-7f02bc000000 ---p 00000000 00:00 0 
7f02bc000000-7f02bc34d000 rw-p 00000000 00:00 0 
7f02bc34d000-7f02c0000000 ---p 00000000 00:00 0 
7f02c0000000-7f02c0021000 rw-p 00000000 00:00 0 
7f02c0021000-7f02c4000000 ---p 00000000 00:00 0 
7f02c4000000-7f02c4621000 rw-p 00000000 00:00 0 
7f02c4621000-7f02c8000000 ---p 00000000 00:00 0 
7f02c8000000-7f02c8021000 rw-p 00000000 00:00 0 
7f02c8021000-7f02cc000000 ---p 00000000 00:00 0 
7f02cc000000-7f02cc021000 rw-p 00000000 00:00 0 
7f02cc021000-7f02d0000000 ---p 00000000 00:00 0 
7f02d0000000-7f02d0021000 rw-p 00000000 00:00 0 
7f02d0021000-7f02d4000000 ---p 00000000 00:00 0 
7f02d4000000-7f02d4021000 rw-p 00000000 00:00 0 
7f02d4021000-7f02d8000000 ---p 00000000 00:00 0 
7f02d8000000-7f02d8021000 rw-p 00000000 00:00 0 
7f02d8021000-7f02dc000000 ---p 00000000 00:00 0 
7f02dc000000-7f02dc021000 rw-p 00000000 00:00 0 
7f02dc021000-7f02e0000000 ---p 00000000 00:00 0 
7f02e0000000-7f02e0021000 rw-p 00000000 00:00 0 
7f02e0021000-7f02e4000000 ---p 00000000 00:00 0 
7f02e4004000-7f02e4006000 r--s 00000000 08:01 931353                     /var/cache/fontconfig/99e8ed0e538f840c565b6ed5dad60d56-le64.cache-6
7f02e4006000-7f02e400c000 r--s 00000000 08:01 927367                     /var/cache/fontconfig/2cd17615ca594fa2959ae173292e504c-le64.cache-6
7f02e400c000-7f02e400d000 r--s 00000000 08:01 927364                     /var/cache/fontconfig/0d8c3b2ac0904cb8a57a757ad11a4a08-le64.cache-6
7f02e400d000-7f02e4011000 r--s 00000000 08:01 921347                     /var/cache/fontconfig/de156ccd2eddbdc19d37a45b8b2aac9c-le64.cache-6
7f02e4011000-7f02e4012000 r--s 00000000 08:01 927366                     /var/cache/fontconfig/1ac9eb803944fde146138c791f5cc56a-le64.cache-6
7f02e4012000-7f02e4016000 r--s 00000000 08:01 927371                     /var/cache/fontconfig/385c0604a188198f04d133e54aba7fe7-le64.cache-6
7f02e4016000-7f02e4017000 r--s 00000000 08:01 927398                     /var/cache/fontconfig/dc05db6664285cc2f12bf69c139ae4c3-le64.cache-6
7f02e4017000-7f02e401a000 r--s 00000000 08:01 927381                     /var/cache/fontconfig/767a8244fc0220cfb567a839d0392e0b-le64.cache-6
7f02e401a000-7f02e401b000 r--s 00000000 08:01 922632                     /var/cache/fontconfig/4794a0821666d79190d59a36cb4f44b5-le64.cache-6
7f02e401b000-7f02e4020000 r--s 00000000 08:01 927384                     /var/cache/fontconfig/8801497958630a81b71ace7c5f9b32a8-le64.cache-6
7f02e4020000-7f02e4021000 r--s 00000000 08:01 927391                     /var/cache/fontconfig/bab58bb527bb656aaa9f116d68a48d89-le64.cache-6
7f02e4021000-7f02e4028000 r--s 00000000 08:01 927368                     /var/cache/fontconfig/3047814df9a2f067bd2d96a2b9c36e5a-le64.cache-6
7f02e4028000-7f02e4029000 r--s 00000000 08:01 927375                     /var/cache/fontconfig/56cf4f4769d0f4abc89a4895d7bd3ae1-le64.cache-6
7f02e4029000-7f02e402a000 r--s 00000000 08:01 927390                     /var/cache/fontconfig/b9d506c9ac06c20b433354fa67a72993-le64.cache-6
7f02e402a000-7f02e4030000 r--s 00000000 08:01 927389                     /var/cache/fontconfig/b47c4e1ecd0709278f4910c18777a504-le64.cache-6
7f02e4030000-7f02e4038000 r--s 00000000 08:01 918371                     /var/cache/fontconfig/52f7bdb7ce746bfd7eaa1985bd9cfa93-le64.cache-6
7f02e4038000-7f02e404b000 r--s 00000000 08:01 927395                     /var/cache/fontconfig/d52a8644073d54c13679302ca1180695-le64.cache-6
7f02e404b000-7f02e404c000 r--s 00000000 08:01 927374                     /var/cache/fontconfig/551ecf3b0e8b0bca0f25c0944f561853-le64.cache-6
7f02e404c000-7f02e4057000 r--s 00000000 08:01 918579                     /var/cache/fontconfig/d589a48862398ed80a3d6066f4f56f4c-le64.cache-6
7f02e4057000-7f02e405a000 r--s 00000000 08:01 927380                     /var/cache/fontconfig/75114ca45c98e8a441da0ff356701271-le64.cache-6
7f02e405a000-7f02e406c000 r--s 00000000 08:01 927387                     /var/cache/fontconfig/9b89f8e3dae116d678bbf48e5f21f69b-le64.cache-6
7f02e406c000-7f02e406f000 ---p 00000000 00:00 0 
7f02e406f000-7f02e416d000 rw-p 00000000 00:00 0 
7f02e416d000-7f02e420c000 r-xp 00000000 08:01 667182                     /usr/lib/jvm/java-8-openjdk-amd64/jre/lib/amd64/libawt.so
7f02e420c000-7f02e440c000 ---p 0009f000 08:01 667182                     /usr/lib/jvm/java-8-openjdk-amd64/jre/lib/amd64/libawt.so
7f02e440c000-7f02e440d000 r--p 0009f000 08:01 667182                     /usr/lib/jvm/java-8-openjdk-amd64/jre/lib/amd64/libawt.so
7f02e440d000-7f02e4418000 rw-p 000a0000 08:01 667182                     /usr/lib/jvm/java-8-openjdk-amd64/jre/lib/amd64/libawt.so
7f02e4418000-7f02e443d000 rw-p 00000000 00:00 0 
7f02e443d000-7f02e443e000 ---p 00000000 00:00 0 
7f02e443e000-7f02e453e000 rw-p 00000000 00:00 0 
7f02e453e000-7f02e4541000 ---p 00000000 00:00 0 
7f02e4541000-7f02e463f000 rw-p 00000000 00:00 0 
7f02e463f000-7f02e4642000 ---p 00000000 00:00 0 
7f02e4642000-7f02e4740000 rw-p 00000000 00:00 0 
7f02e4740000-7f02e4743000 ---p 00000000 00:00 0 
7f02e4743000-7f02e4841000 rw-p 00000000 00:00 0 
7f02e4841000-7f02e4844000 ---p 00000000 00:00 0 
7f02e4844000-7f02e4942000 rw-p 00000000 00:00 0 
7f02e4942000-7f02e4945000 ---p 00000000 00:00 0 
7f02e4945000-7f02e4a43000 rw-p 00000000 00:00 0 
7f02e4a43000-7f02e4e4c000 r--p 00000000 08:01 658006                     /usr/lib/locale/locale-archive
7f02e4e4c000-7f02e4e4f000 ---p 00000000 00:00 0 
7f02e4e4f000-7f02e4f4d000 rw-p 00000000 00:00 0 
7f02e4f4d000-7f02e4f50000 ---p 00000000 00:00 0 
7f02e4f50000-7f02e504e000 rw-p 00000000 00:00 0 
7f02e504e000-7f02e504f000 ---p 00000000 00:00 0 
7f02e504f000-7f02e9000000 rw-p 00000000 00:00 0 
7f02e9000000-7f02e93d0000 rwxp 00000000 00:00 0 
7f02e93d0000-7f02f8000000 ---p 00000000 00:00 0 
7f02f8000000-7f02f8329000 rw-p 00000000 00:00 0 
7f02f8329000-7f02fc000000 ---p 00000000 00:00 0 
7f02fc000000-7f02fc001000 r--s 00000000 08:01 927369                     /var/cache/fontconfig/30829fa25452a46451e813d634d7f916-le64.cache-6
7f02fc001000-7f02fc002000 r--s 00000000 08:01 927363                     /var/cache/fontconfig/0c9eb80ebd1c36541ebe2852d3bb0c49-le64.cache-6
7f02fc002000-7f02fc00d000 r--s 00000000 08:01 927383                     /var/cache/fontconfig/83bf95040141907cd45bb53cf7c1c148-le64.cache-6
7f02fc00d000-7f02fc011000 r--s 00000000 08:01 919521                     /var/cache/fontconfig/7ef2298fde41cc6eeb7af42e48b7d293-le64.cache-6
7f02fc011000-7f02fc024000 r--s 00346000 08:01 667229                     /usr/lib/jvm/java-8-openjdk-amd64/jre/lib/resources.jar
7f02fc024000-7f02fc043000 r--s 0031f000 08:06 20054318                   /home/bmo-one/Desktop/OJDBC-Full/ojdbc7.jar
7f02fc043000-7f02fc05e000 r--s 00394000 08:01 667253                     /usr/lib/jvm/java-8-openjdk-amd64/jre/lib/ext/cldrdata.jar
7f02fc05e000-7f02fc079000 r--s 001d6000 08:01 667254                     /usr/lib/jvm/java-8-openjdk-amd64/jre/lib/ext/nashorn.jar
7f02fc079000-7f02fcf59000 rw-p 00000000 00:00 0 
7f02fcf59000-7f02fd128000 r--s 03c3b000 08:01 667227                     /usr/lib/jvm/java-8-openjdk-amd64/jre/lib/rt.jar
7f02fd128000-7f02fdd79000 rw-p 00000000 00:00 0 
7f02fdd79000-7f02fdd7a000 ---p 00000000 00:00 0 
7f02fdd7a000-7f02fde7a000 rw-p 00000000 00:00 0 
7f02fde7a000-7f02fde7b000 ---p 00000000 00:00 0 
7f02fde7b000-7f02fdf7b000 rw-p 00000000 00:00 0 
7f02fdf7b000-7f02fdf7c000 ---p 00000000 00:00 0 
7f02fdf7c000-7f02fe07c000 rw-p 00000000 00:00 0 
7f02fe07c000-7f02fe07d000 ---p 00000000 00:00 0 
7f02fe07d000-7f02fe1a7000 rw-p 00000000 00:00 0 
7f02fe1a7000-7f02fe40f000 ---p 00000000 00:00 0 
7f02fe40f000-7f02fe439000 rw-p 00000000 00:00 0 
7f02fe439000-7f02fe6a1000 ---p 00000000 00:00 0 
7f02fe6a1000-7f02fe6b6000 rw-p 00000000 00:00 0 
7f02fe6b6000-7f02fe7ea000 ---p 00000000 00:00 0 
7f02fe7ea000-7f02fe7fb000 rw-p 00000000 00:00 0 
7f02fe7fb000-7f02febab000 ---p 00000000 00:00 0 
7f02febab000-7f02febb3000 r-xp 00000000 08:01 667226                     /usr/lib/jvm/java-8-openjdk-amd64/jre/lib/amd64/libzip.so
7f02febb3000-7f02fedb2000 ---p 00008000 08:01 667226                     /usr/lib/jvm/java-8-openjdk-amd64/jre/lib/amd64/libzip.so
7f02fedb2000-7f02fedb3000 r--p 00007000 08:01 667226                     /usr/lib/jvm/java-8-openjdk-amd64/jre/lib/amd64/libzip.so
7f02fedb3000-7f02fedb4000 rw-p 00008000 08:01 667226                     /usr/lib/jvm/java-8-openjdk-amd64/jre/lib/amd64/libzip.so
7f02fedb4000-7f02fedbf000 r-xp 00000000 08:01 2492359                    /lib/x86_64-linux-gnu/libnss_files-2.23.so
7f02fedbf000-7f02fefbe000 ---p 0000b000 08:01 2492359                    /lib/x86_64-linux-gnu/libnss_files-2.23.so
7f02fefbe000-7f02fefbf000 r--p 0000a000 08:01 2492359                    /lib/x86_64-linux-gnu/libnss_files-2.23.so
7f02fefbf000-7f02fefc0000 rw-p 0000b000 08:01 2492359                    /lib/x86_64-linux-gnu/libnss_files-2.23.so
7f02fefc0000-7f02fefc6000 rw-p 00000000 00:00 0 
7f02fefc6000-7f02fefd1000 r-xp 00000000 08:01 2492331                    /lib/x86_64-linux-gnu/libnss_nis-2.23.so
7f02fefd1000-7f02ff1d0000 ---p 0000b000 08:01 2492331                    /lib/x86_64-linux-gnu/libnss_nis-2.23.so
7f02ff1d0000-7f02ff1d1000 r--p 0000a000 08:01 2492331                    /lib/x86_64-linux-gnu/libnss_nis-2.23.so
7f02ff1d1000-7f02ff1d2000 rw-p 0000b000 08:01 2492331                    /lib/x86_64-linux-gnu/libnss_nis-2.23.so
7f02ff1d2000-7f02ff1e8000 r-xp 00000000 08:01 2492351                    /lib/x86_64-linux-gnu/libnsl-2.23.so
7f02ff1e8000-7f02ff3e7000 ---p 00016000 08:01 2492351                    /lib/x86_64-linux-gnu/libnsl-2.23.so
7f02ff3e7000-7f02ff3e8000 r--p 00015000 08:01 2492351                    /lib/x86_64-linux-gnu/libnsl-2.23.so
7f02ff3e8000-7f02ff3e9000 rw-p 00016000 08:01 2492351                    /lib/x86_64-linux-gnu/libnsl-2.23.so
7f02ff3e9000-7f02ff3eb000 rw-p 00000000 00:00 0 
7f02ff3eb000-7f02ff3f3000 r-xp 00000000 08:01 2492375                    /lib/x86_64-linux-gnu/libnss_compat-2.23.so
7f02ff3f3000-7f02ff5f2000 ---p 00008000 08:01 2492375                    /lib/x86_64-linux-gnu/libnss_compat-2.23.so
7f02ff5f2000-7f02ff5f3000 r--p 00007000 08:01 2492375                    /lib/x86_64-linux-gnu/libnss_compat-2.23.so
7f02ff5f3000-7f02ff5f4000 rw-p 00008000 08:01 2492375                    /lib/x86_64-linux-gnu/libnss_compat-2.23.so
7f02ff5f4000-7f02ff620000 r-xp 00000000 08:01 667208                     /usr/lib/jvm/java-8-openjdk-amd64/jre/lib/amd64/libjava.so
7f02ff620000-7f02ff81f000 ---p 0002c000 08:01 667208                     /usr/lib/jvm/java-8-openjdk-amd64/jre/lib/amd64/libjava.so
7f02ff81f000-7f02ff820000 r--p 0002b000 08:01 667208                     /usr/lib/jvm/java-8-openjdk-amd64/jre/lib/amd64/libjava.so
7f02ff820000-7f02ff822000 rw-p 0002c000 08:01 667208                     /usr/lib/jvm/java-8-openjdk-amd64/jre/lib/amd64/libjava.so
7f02ff822000-7f02ff831000 r-xp 00000000 08:01 667190                     /usr/lib/jvm/java-8-openjdk-amd64/jre/lib/amd64/libverify.so
7f02ff831000-7f02ffa30000 ---p 0000f000 08:01 667190                     /usr/lib/jvm/java-8-openjdk-amd64/jre/lib/amd64/libverify.so
7f02ffa30000-7f02ffa32000 r--p 0000e000 08:01 667190                     /usr/lib/jvm/java-8-openjdk-amd64/jre/lib/amd64/libverify.so
7f02ffa32000-7f02ffa33000 rw-p 00010000 08:01 667190                     /usr/lib/jvm/java-8-openjdk-amd64/jre/lib/amd64/libverify.so
7f02ffa33000-7f02ffa3a000 r-xp 00000000 08:01 2492303                    /lib/x86_64-linux-gnu/librt-2.23.so
7f02ffa3a000-7f02ffc39000 ---p 00007000 08:01 2492303                    /lib/x86_64-linux-gnu/librt-2.23.so
7f02ffc39000-7f02ffc3a000 r--p 00006000 08:01 2492303                    /lib/x86_64-linux-gnu/librt-2.23.so
7f02ffc3a000-7f02ffc3b000 rw-p 00007000 08:01 2492303                    /lib/x86_64-linux-gnu/librt-2.23.so
7f02ffc3b000-7f02ffc51000 r-xp 00000000 08:01 2495909                    /lib/x86_64-linux-gnu/libgcc_s.so.1
7f02ffc51000-7f02ffe50000 ---p 00016000 08:01 2495909                    /lib/x86_64-linux-gnu/libgcc_s.so.1
7f02ffe50000-7f02ffe51000 rw-p 00015000 08:01 2495909                    /lib/x86_64-linux-gnu/libgcc_s.so.1
7f02ffe51000-7f02fff59000 r-xp 00000000 08:01 2492378                    /lib/x86_64-linux-gnu/libm-2.23.so
7f02fff59000-7f0300158000 ---p 00108000 08:01 2492378                    /lib/x86_64-linux-gnu/libm-2.23.so
7f0300158000-7f0300159000 r--p 00107000 08:01 2492378                    /lib/x86_64-linux-gnu/libm-2.23.so
7f0300159000-7f030015a000 rw-p 00108000 08:01 2492378                    /lib/x86_64-linux-gnu/libm-2.23.so
7f030015a000-7f03002cc000 r-xp 00000000 08:01 656239                     /usr/lib/x86_64-linux-gnu/libstdc++.so.6.0.21
7f03002cc000-7f03004cc000 ---p 00172000 08:01 656239                     /usr/lib/x86_64-linux-gnu/libstdc++.so.6.0.21
7f03004cc000-7f03004d6000 r--p 00172000 08:01 656239                     /usr/lib/x86_64-linux-gnu/libstdc++.so.6.0.21
7f03004d6000-7f03004d8000 rw-p 0017c000 08:01 656239                     /usr/lib/x86_64-linux-gnu/libstdc++.so.6.0.21
7f03004d8000-7f03004dc000 rw-p 00000000 00:00 0 
7f03004dc000-7f0301140000 r-xp 00000000 08:01 667206                     /usr/lib/jvm/java-8-openjdk-amd64/jre/lib/amd64/server/libjvm.so
7f0301140000-7f030133f000 ---p 00c64000 08:01 667206                     /usr/lib/jvm/java-8-openjdk-amd64/jre/lib/amd64/server/libjvm.so
7f030133f000-7f03013d3000 r--p 00c63000 08:01 667206                     /usr/lib/jvm/java-8-openjdk-amd64/jre/lib/amd64/server/libjvm.so
7f03013d3000-7f03013fc000 rw-p 00cf7000 08:01 667206                     /usr/lib/jvm/java-8-openjdk-amd64/jre/lib/amd64/server/libjvm.so
7f03013fc000-7f030142c000 rw-p 00000000 00:00 0 
7f030142c000-7f0301444000 r-xp 00000000 08:01 2492319                    /lib/x86_64-linux-gnu/libpthread-2.23.so
7f0301444000-7f0301643000 ---p 00018000 08:01 2492319                    /lib/x86_64-linux-gnu/libpthread-2.23.so
7f0301643000-7f0301644000 r--p 00017000 08:01 2492319                    /lib/x86_64-linux-gnu/libpthread-2.23.so
7f0301644000-7f0301645000 rw-p 00018000 08:01 2492319                    /lib/x86_64-linux-gnu/libpthread-2.23.so
7f0301645000-7f0301649000 rw-p 00000000 00:00 0 
7f0301649000-7f030164c000 r-xp 00000000 08:01 2492311                    /lib/x86_64-linux-gnu/libdl-2.23.so
7f030164c000-7f030184b000 ---p 00003000 08:01 2492311                    /lib/x86_64-linux-gnu/libdl-2.23.so
7f030184b000-7f030184c000 r--p 00002000 08:01 2492311                    /lib/x86_64-linux-gnu/libdl-2.23.so
7f030184c000-7f030184d000 rw-p 00003000 08:01 2492311                    /lib/x86_64-linux-gnu/libdl-2.23.so
7f030184d000-7f0301866000 r-xp 00000000 08:01 2496062                    /lib/x86_64-linux-gnu/libz.so.1.2.8
7f0301866000-7f0301a65000 ---p 00019000 08:01 2496062                    /lib/x86_64-linux-gnu/libz.so.1.2.8
7f0301a65000-7f0301a66000 r--p 00018000 08:01 2496062                    /lib/x86_64-linux-gnu/libz.so.1.2.8
7f0301a66000-7f0301a67000 rw-p 00019000 08:01 2496062                    /lib/x86_64-linux-gnu/libz.so.1.2.8
7f0301a67000-7f0301c27000 r-xp 00000000 08:01 2492371                    /lib/x86_64-linux-gnu/libc-2.23.so
7f0301c27000-7f0301e27000 ---p 001c0000 08:01 2492371                    /lib/x86_64-linux-gnu/libc-2.23.so
7f0301e27000-7f0301e2b000 r--p 001c0000 08:01 2492371                    /lib/x86_64-linux-gnu/libc-2.23.so
7f0301e2b000-7f0301e2d000 rw-p 001c4000 08:01 2492371                    /lib/x86_64-linux-gnu/libc-2.23.so
7f0301e2d000-7f0301e31000 rw-p 00000000 00:00 0 
7f0301e31000-7f0301e3e000 r-xp 00000000 08:01 667225                     /usr/lib/jvm/java-8-openjdk-amd64/jre/lib/amd64/jli/libjli.so
7f0301e3e000-7f030203d000 ---p 0000d000 08:01 667225                     /usr/lib/jvm/java-8-openjdk-amd64/jre/lib/amd64/jli/libjli.so
7f030203d000-7f030203e000 r--p 0000c000 08:01 667225                     /usr/lib/jvm/java-8-openjdk-amd64/jre/lib/amd64/jli/libjli.so
7f030203e000-7f030203f000 rw-p 0000d000 08:01 667225                     /usr/lib/jvm/java-8-openjdk-amd64/jre/lib/amd64/jli/libjli.so
7f030203f000-7f0302065000 r-xp 00000000 08:01 2492315                    /lib/x86_64-linux-gnu/ld-2.23.so
7f0302065000-7f0302068000 r--s 00000000 08:01 927399                     /var/cache/fontconfig/e13b20fdb08344e0e664864cc2ede53d-le64.cache-6
7f0302068000-7f030206e000 r--s 00023000 08:06 20447786                   /home/bmo-one/Desktop/jcalendar/lib/jcalendar-1.4.jar
7f030206e000-7f0302071000 r--s 0000f000 08:01 667252                     /usr/lib/jvm/java-8-openjdk-amd64/jre/lib/ext/icedtea-sound.jar
7f0302071000-7f030213c000 rw-p 00000000 00:00 0 
7f030213c000-7f030213f000 ---p 00000000 00:00 0 
7f030213f000-7f0302241000 rw-p 00000000 00:00 0 
7f0302241000-7f0302242000 r--s 00010000 08:01 667255                     /usr/lib/jvm/java-8-openjdk-amd64/jre/lib/ext/zipfs.jar
7f0302242000-7f0302243000 r--s 0000a000 08:01 667258                     /usr/lib/jvm/java-8-openjdk-amd64/jre/lib/ext/jaccess.jar
7f0302243000-7f030224d000 r--s 00116000 08:01 667260                     /usr/lib/jvm/java-8-openjdk-amd64/jre/lib/ext/localedata.jar
7f030224d000-7f0302250000 r--s 00039000 08:01 667261                     /usr/lib/jvm/java-8-openjdk-amd64/jre/lib/ext/sunpkcs11.jar
7f0302250000-7f0302255000 r--s 0003c000 08:01 667257                     /usr/lib/jvm/java-8-openjdk-amd64/jre/lib/ext/sunjce_provider.jar
7f0302255000-7f0302257000 r--s 00001000 08:01 667259                     /usr/lib/jvm/java-8-openjdk-amd64/jre/lib/ext/dnsns.jar
7f0302257000-7f0302259000 r--s 00008000 08:01 667256                     /usr/lib/jvm/java-8-openjdk-amd64/jre/lib/ext/sunec.jar
7f0302259000-7f0302261000 rw-s 00000000 08:01 527451                     /tmp/hsperfdata_bmo-one/10752
7f0302261000-7f0302262000 rw-p 00000000 00:00 0 
7f0302262000-7f0302263000 r--p 00000000 00:00 0 
7f0302263000-7f0302264000 rw-p 00000000 00:00 0 
7f0302264000-7f0302265000 r--p 00025000 08:01 2492315                    /lib/x86_64-linux-gnu/ld-2.23.so
7f0302265000-7f0302266000 rw-p 00026000 08:01 2492315                    /lib/x86_64-linux-gnu/ld-2.23.so
7f0302266000-7f0302267000 rw-p 00000000 00:00 0 
7ffe1d21e000-7ffe1d23f000 rw-p 00000000 00:00 0                          [stack]
7ffe1d2c5000-7ffe1d2c8000 r--p 00000000 00:00 0                          [vvar]
7ffe1d2c8000-7ffe1d2ca000 r-xp 00000000 00:00 0                          [vdso]
ffffffffff600000-ffffffffff601000 r-xp 00000000 00:00 0                  [vsyscall]

VM Arguments:
jvm_args: -Dfile.encoding=UTF-8 
java_command: view.compra
java_class_path (initial): /home/bmo-one/Desktop/OJDBC-Full/ojdbc7.jar:/home/bmo-one/Desktop/jcalendar/lib/jcalendar-1.4.jar:/home/bmo-one/Desktop/Comprar/build/classes
Launcher Type: SUN_STANDARD

Environment Variables:
PATH=/home/bmo-one/bin:/home/bmo-one/.local/bin:/usr/local/sbin:/usr/local/bin:/usr/sbin:/usr/bin:/sbin:/bin:/usr/games:/usr/local/games:/snap/bin
LD_LIBRARY_PATH=/usr/lib/jvm/java-8-openjdk-amd64/jre/lib/amd64:/usr/lib/jvm/java-8-openjdk-amd64/jre/lib/i386:
SHELL=/bin/bash
DISPLAY=:0

Signal Handlers:
SIGSEGV: [libjvm.so+0xa765a0], sa_mask[0]=11111111011111111101111111111110, sa_flags=SA_RESTART|SA_SIGINFO
SIGBUS: [libjvm.so+0xa765a0], sa_mask[0]=11111111011111111101111111111110, sa_flags=SA_RESTART|SA_SIGINFO
SIGFPE: [libjvm.so+0x8bd800], sa_mask[0]=11111111011111111101111111111110, sa_flags=SA_RESTART|SA_SIGINFO
SIGPIPE: [libjvm.so+0x8bd800], sa_mask[0]=11111111011111111101111111111110, sa_flags=SA_RESTART|SA_SIGINFO
SIGXFSZ: [libjvm.so+0x8bd800], sa_mask[0]=11111111011111111101111111111110, sa_flags=SA_RESTART|SA_SIGINFO
SIGILL: [libjvm.so+0x8bd800], sa_mask[0]=11111111011111111101111111111110, sa_flags=SA_RESTART|SA_SIGINFO
SIGUSR1: SIG_DFL, sa_mask[0]=00000000000000000000000000000000, sa_flags=none
SIGUSR2: [libjvm.so+0x8bd6b0], sa_mask[0]=00100000000000000000000000000000, sa_flags=SA_RESTART|SA_SIGINFO
SIGHUP: [libjvm.so+0x8bdd40], sa_mask[0]=11111111011111111101111111111110, sa_flags=SA_RESTART|SA_SIGINFO
SIGINT: SIG_IGN, sa_mask[0]=00000000000000000000000000000000, sa_flags=none
SIGTERM: [libjvm.so+0x8bdd40], sa_mask[0]=11111111011111111101111111111110, sa_flags=SA_RESTART|SA_SIGINFO
SIGQUIT: [libjvm.so+0x8bdd40], sa_mask[0]=11111111011111111101111111111110, sa_flags=SA_RESTART|SA_SIGINFO


---------------  S Y S T E M  ---------------

OS:DISTRIB_ID=Ubuntu
DISTRIB_RELEASE=16.04
DISTRIB_CODENAME=xenial
DISTRIB_DESCRIPTION="Ubuntu 16.04.6 LTS"

uname:Linux 4.15.0-51-generic #55~16.04.1-Ubuntu SMP Thu May 16 09:24:37 UTC 2019 x86_64
libc:glibc 2.23 NPTL 2.23 
rlimit: STACK 8192k, CORE 0k, NPROC 31322, NOFILE 1048576, AS infinity
load average:0,15 0,26 0,27

/proc/meminfo:
MemTotal:        8079140 kB
MemFree:         2516824 kB
MemAvailable:    4864164 kB
Buffers:          421588 kB
Cached:          2951432 kB
SwapCached:            0 kB
Active:          3457792 kB
Inactive:        1748832 kB
Active(anon):    2208744 kB
Inactive(anon):   553456 kB
Active(file):    1249048 kB
Inactive(file):  1195376 kB
Unevictable:          64 kB
Mlocked:              64 kB
SwapTotal:       7999484 kB
SwapFree:        7999484 kB
Dirty:               432 kB
Writeback:            44 kB
AnonPages:       1833636 kB
Mapped:           416556 kB
Shmem:            928692 kB
Slab:             261092 kB
SReclaimable:     212988 kB
SUnreclaim:        48104 kB
KernelStack:        7384 kB
PageTables:        31316 kB
NFS_Unstable:          0 kB
Bounce:                0 kB
WritebackTmp:          0 kB
CommitLimit:    12039052 kB
Committed_AS:    5615736 kB
VmallocTotal:   34359738367 kB
VmallocUsed:           0 kB
VmallocChunk:          0 kB
HardwareCorrupted:     0 kB
AnonHugePages:         0 kB
ShmemHugePages:        0 kB
ShmemPmdMapped:        0 kB
CmaTotal:              0 kB
CmaFree:               0 kB
HugePages_Total:       0
HugePages_Free:        0
HugePages_Rsvd:        0
HugePages_Surp:        0
Hugepagesize:       2048 kB
DirectMap4k:      256768 kB
DirectMap2M:     8042496 kB

container (cgroup) information:
container_type: cgroupv1
cpu_cpuset_cpus: 0-3
cpu_memory_nodes: 0
active_processor_count: 4
cpu_quota: -1
cpu_period: 100000
cpu_shares: -1
memory_limit_in_bytes: -1
memory_and_swap_limit_in_bytes: -2
memory_soft_limit_in_bytes: -1
memory_usage_in_bytes: 5330636800
memory_max_usage_in_bytes: 0


CPU:total 4 (initial active 4) (4 cores per cpu, 1 threads per core) family 6 model 76 stepping 3, cmov, cx8, fxsr, mmx, sse, sse2, sse3, ssse3, sse4.1, sse4.2, popcnt, aes, clmul, erms, 3dnowpref, tsc, tscinvbit

/proc/cpuinfo:
processor	: 0
vendor_id	: GenuineIntel
cpu family	: 6
model		: 76
model name	: Intel(R) Pentium(R) CPU  N3700  @ 1.60GHz
stepping	: 3
microcode	: 0x368
cpu MHz		: 2400.000
cache size	: 1024 KB
physical id	: 0
siblings	: 4
core id		: 0
cpu cores	: 4
apicid		: 0
initial apicid	: 0
fpu		: yes
fpu_exception	: yes
cpuid level	: 11
wp		: yes
flags		: fpu vme de pse tsc msr pae mce cx8 apic sep mtrr pge mca cmov pat pse36 clflush dts acpi mmx fxsr sse sse2 ss ht tm pbe syscall nx rdtscp lm constant_tsc arch_perfmon pebs bts rep_good nopl xtopology tsc_reliable nonstop_tsc cpuid aperfmperf tsc_known_freq pni pclmulqdq dtes64 monitor ds_cpl vmx est tm2 ssse3 cx16 xtpr pdcm sse4_1 sse4_2 movbe popcnt tsc_deadline_timer aes rdrand lahf_lm 3dnowprefetch epb pti ibrs ibpb stibp tpr_shadow vnmi flexpriority ept vpid tsc_adjust smep erms dtherm ida arat md_clear
bugs		: cpu_meltdown spectre_v1 spectre_v2 mds
bogomips	: 3200.00
clflush size	: 64
cache_alignment	: 64
address sizes	: 36 bits physical, 48 bits virtual
power management:

processor	: 1
vendor_id	: GenuineIntel
cpu family	: 6
model		: 76
model name	: Intel(R) Pentium(R) CPU  N3700  @ 1.60GHz
stepping	: 3
microcode	: 0x368
cpu MHz		: 2400.011
cache size	: 1024 KB
physical id	: 0
siblings	: 4
core id		: 1
cpu cores	: 4
apicid		: 2
initial apicid	: 2
fpu		: yes
fpu_exception	: yes
cpuid level	: 11
wp		: yes
flags		: fpu vme de pse tsc msr pae mce cx8 apic sep mtrr pge mca cmov pat pse36 clflush dts acpi mmx fxsr sse sse2 ss ht tm pbe syscall nx rdtscp lm constant_tsc arch_perfmon pebs bts rep_good nopl xtopology tsc_reliable nonstop_tsc cpuid aperfmperf tsc_known_freq pni pclmulqdq dtes64 monitor ds_cpl vmx est tm2 ssse3 cx16 xtpr pdcm sse4_1 sse4_2 movbe popcnt tsc_deadline_timer aes rdrand lahf_lm 3dnowprefetch epb pti ibrs ibpb stibp tpr_shadow vnmi flexpriority ept vpid tsc_adjust smep erms dtherm ida arat md_clear
bugs		: cpu_meltdown spectre_v1 spectre_v2 mds
bogomips	: 3200.00
clflush size	: 64
cache_alignment	: 64
address sizes	: 36 bits physical, 48 bits virtual
power management:

processor	: 2
vendor_id	: GenuineIntel
cpu family	: 6
model		: 76
model name	: Intel(R) Pentium(R) CPU  N3700  @ 1.60GHz
stepping	: 3
microcode	: 0x368
cpu MHz		: 2400.000
cache size	: 1024 KB
physical id	: 0
siblings	: 4
core id		: 2
cpu cores	: 4
apicid		: 4
initial apicid	: 4
fpu		: yes
fpu_exception	: yes
cpuid level	: 11
wp		: yes
flags		: fpu vme de pse tsc msr pae mce cx8 apic sep mtrr pge mca cmov pat pse36 clflush dts acpi mmx fxsr sse sse2 ss ht tm pbe syscall nx rdtscp lm constant_tsc arch_perfmon pebs bts rep_good nopl xtopology tsc_reliable nonstop_tsc cpuid aperfmperf tsc_known_freq pni pclmulqdq dtes64 monitor ds_cpl vmx est tm2 ssse3 cx16 xtpr pdcm sse4_1 sse4_2 movbe popcnt tsc_deadline_timer aes rdrand lahf_lm 3dnowprefetch epb pti ibrs ibpb stibp tpr_shadow vnmi flexpriority ept vpid tsc_adjust smep erms dtherm ida arat md_clear
bugs		: cpu_meltdown spectre_v1 spectre_v2 mds
bogomips	: 3200.00
clflush size	: 64
cache_alignment	: 64
address sizes	: 36 bits physical, 48 bits virtual
power management:

processor	: 3
vendor_id	: GenuineIntel
cpu family	: 6
model		: 76
model name	: Intel(R) Pentium(R) CPU  N3700  @ 1.60GHz
stepping	: 3
microcode	: 0x368
cpu MHz		: 2399.997
cache size	: 1024 KB
physical id	: 0
siblings	: 4
core id		: 3
cpu cores	: 4
apicid		: 6
initial apicid	: 6
fpu		: yes
fpu_exception	: yes
cpuid level	: 11
wp		: yes
flags		: fpu vme de pse tsc msr pae mce cx8 apic sep mtrr pge mca cmov pat pse36 clflush dts acpi mmx fxsr sse sse2 ss ht tm pbe syscall nx rdtscp lm constant_tsc arch_perfmon pebs bts rep_good nopl xtopology tsc_reliable nonstop_tsc cpuid aperfmperf tsc_known_freq pni pclmulqdq dtes64 monitor ds_cpl vmx est tm2 ssse3 cx16 xtpr pdcm sse4_1 sse4_2 movbe popcnt tsc_deadline_timer aes rdrand lahf_lm 3dnowprefetch epb pti ibrs ibpb stibp tpr_shadow vnmi flexpriority ept vpid tsc_adjust smep erms dtherm ida arat md_clear
bugs		: cpu_meltdown spectre_v1 spectre_v2 mds
bogomips	: 3200.00
clflush size	: 64
cache_alignment	: 64
address sizes	: 36 bits physical, 48 bits virtual
power management:



Memory: 4k page, physical 8079140k(2522356k free), swap 7999484k(7999484k free)

vm_info: OpenJDK 64-Bit Server VM (25.212-b03) for linux-amd64 JRE (1.8.0_212-8u212-b03-0ubuntu1.16.04.1-b03), built on Apr 26 2019 02:02:50 by "buildd" with gcc 5.4.0 20160609

time: Mon Jun 17 23:11:35 2019
timezone: -04
elapsed time: 100081 seconds (1d 3h 48m 1s)

